<?xml version="1.0" encoding="UTF-8"?>
<!-- Generated by org.testng.reporters.JUnitXMLReporter -->
<testsuite ignored="0" hostname="asus" failures="0" tests="11" name="Surefire test" time="1.024" errors="0" timestamp="2025-05-04T15:12:13 CEST">
  <testcase classname="de.learnlib.algorithm.observationpack.DTVisualizationTest" name="testVisualizeDT" time="0.01"/>
  <testcase classname="de.learnlib.algorithm.observationpack.DTVisualizationTest" name="testVisualizeHyp" time="0.002"/>
  <testcase classname="de.learnlib.testsupport.AbstractResumableLearnerTest" name="testSuspendAndResumeLearner" time="0.789"/>
  <testcase classname="de.learnlib.testsupport.AbstractGrowingAlphabetTest" name="testGrowingAlphabet" time="0.015"/>
  <testcase classname="de.learnlib.testsupport.AbstractGrowingAlphabetTest" name="testInitialAlphabet" time="0.001"/>
  <testcase classname="de.learnlib.testsupport.AbstractGrowingAlphabetTest" name="testGrowingAlphabet" time="0.01"/>
  <testcase classname="de.learnlib.testsupport.AbstractGrowingAlphabetTest" name="testInitialAlphabet" time="0.001"/>
  <testcase classname="de.learnlib.testsupport.AbstractResumableLearnerTest" name="testSuspendAndResumeLearner" time="0.009"/>
  <testcase classname="de.learnlib.testsupport.AbstractGrowingAlphabetTest" name="testGrowingAlphabet" time="0.006"/>
  <testcase classname="de.learnlib.testsupport.AbstractGrowingAlphabetTest" name="testInitialAlphabet" time="0.0"/>
  <testcase classname="de.learnlib.testsupport.AbstractResumableLearnerTest" name="testSuspendAndResumeLearner" time="0.11"/>
</testsuite> <!-- Surefire test -->
