<?xml version="1.0" encoding="UTF-8"?>
<!-- Generated by org.testng.reporters.JUnitXMLReporter -->
<testsuite ignored="0" hostname="asus" failures="0" tests="32" name="Surefire test" time="1.57" errors="0" timestamp="2025-05-04T15:12:10 CEST">
  <testcase classname="de.learnlib.algorithm.lstar.LStarDFATest" name="testLStar" time="0.343"/>
  <testcase classname="de.learnlib.testsupport.AbstractResumableLearnerTest" name="testSuspendAndResumeLearner" time="0.892"/>
  <testcase classname="de.learnlib.testsupport.AbstractGrowingAlphabetTest" name="testGrowingAlphabet" time="0.007"/>
  <testcase classname="de.learnlib.testsupport.AbstractGrowingAlphabetTest" name="testInitialAlphabet" time="0.001"/>
  <testcase classname="de.learnlib.testsupport.AbstractResumableLearnerTest" name="testSuspendAndResumeLearner" time="0.052"/>
  <testcase classname="de.learnlib.testsupport.AbstractGrowingAlphabetTest" name="testGrowingAlphabet" time="0.006"/>
  <testcase classname="de.learnlib.testsupport.AbstractGrowingAlphabetTest" name="testInitialAlphabet" time="0.0"/>
  <testcase classname="de.learnlib.testsupport.AbstractGrowingAlphabetTest" name="testGrowingAlphabet" time="0.004"/>
  <testcase classname="de.learnlib.testsupport.AbstractGrowingAlphabetTest" name="testInitialAlphabet" time="0.0"/>
  <testcase classname="de.learnlib.algorithm.lstar.LStarMealyTest" name="testClassicLStarMealy" time="0.013"/>
  <testcase classname="de.learnlib.algorithm.lstar.LStarMealyTest" name="testOptimizedLStarMealy" time="0.005"/>
  <testcase classname="de.learnlib.testsupport.AbstractResumableLearnerTest" name="testSuspendAndResumeLearner" time="0.04"/>
  <testcase classname="de.learnlib.algorithm.lstar.ClassicLStarMealyGrowingAlphabetTest" name="testClassicLStar" time="0.002"/>
  <testcase classname="de.learnlib.algorithm.lstar.ClassicLStarMealyGrowingAlphabetTest" name="testConsistencyCheck" time="0.004"/>
  <testcase classname="de.learnlib.testsupport.AbstractResumableLearnerTest" name="testSuspendAndResumeLearner" time="0.007"/>
  <testcase classname="de.learnlib.testsupport.AbstractGrowingAlphabetTest" name="testGrowingAlphabet" time="0.003"/>
  <testcase classname="de.learnlib.testsupport.AbstractGrowingAlphabetTest" name="testInitialAlphabet" time="0.0"/>
  <testcase classname="de.learnlib.testsupport.AbstractResumableLearnerTest" name="testSuspendAndResumeLearner" time="0.009"/>
  <testcase classname="de.learnlib.testsupport.AbstractGrowingAlphabetTest" name="testGrowingAlphabet" time="0.003"/>
  <testcase classname="de.learnlib.testsupport.AbstractGrowingAlphabetTest" name="testInitialAlphabet" time="0.0"/>
  <testcase classname="de.learnlib.testsupport.AbstractGrowingAlphabetTest" name="testGrowingAlphabet" time="0.002"/>
  <testcase classname="de.learnlib.testsupport.AbstractGrowingAlphabetTest" name="testInitialAlphabet" time="0.0"/>
  <testcase classname="de.learnlib.testsupport.AbstractResumableLearnerTest" name="testSuspendAndResumeLearner" time="0.012"/>
  <testcase classname="de.learnlib.testsupport.AbstractResumableLearnerTest" name="testSuspendAndResumeLearner" time="0.008"/>
  <testcase classname="de.learnlib.testsupport.AbstractResumableLearnerTest" name="testSuspendAndResumeLearner" time="0.005"/>
  <testcase classname="de.learnlib.testsupport.AbstractResumableLearnerTest" name="testSuspendAndResumeLearner" time="0.008"/>
  <testcase classname="de.learnlib.testsupport.AbstractGrowingAlphabetTest" name="testGrowingAlphabet" time="0.003"/>
  <testcase classname="de.learnlib.testsupport.AbstractGrowingAlphabetTest" name="testInitialAlphabet" time="0.001"/>
  <testcase classname="de.learnlib.testsupport.AbstractGrowingAlphabetTest" name="testGrowingAlphabet" time="0.002"/>
  <testcase classname="de.learnlib.testsupport.AbstractGrowingAlphabetTest" name="testInitialAlphabet" time="0.0"/>
  <testcase classname="de.learnlib.testsupport.AbstractGrowingAlphabetTest" name="testGrowingAlphabet" time="0.002"/>
  <testcase classname="de.learnlib.testsupport.AbstractGrowingAlphabetTest" name="testInitialAlphabet" time="0.001"/>
</testsuite> <!-- Surefire test -->
