<?xml version="1.0" encoding="UTF-8"?>
<!-- Generated by org.testng.reporters.JUnitXMLReporter -->
<testsuite ignored="0" hostname="asus" failures="0" tests="12" name="Surefire test" time="0.842" errors="0" timestamp="2025-05-04T15:12:07 CEST">
  <testcase classname="de.learnlib.algorithm.lambda.AbstractCounterexampleQueueTest" name="testPop" time="0.022"/>
  <testcase classname="de.learnlib.testsupport.AbstractGrowingAlphabetTest" name="testGrowingAlphabet" time="0.045"/>
  <testcase classname="de.learnlib.testsupport.AbstractGrowingAlphabetTest" name="testInitialAlphabet" time="0.001"/>
  <testcase classname="de.learnlib.testsupport.AbstractResumableLearnerTest" name="testSuspendAndResumeLearner" time="0.648"/>
  <testcase classname="de.learnlib.testsupport.AbstractGrowingAlphabetTest" name="testGrowingAlphabet" time="0.024"/>
  <testcase classname="de.learnlib.testsupport.AbstractGrowingAlphabetTest" name="testInitialAlphabet" time="0.0"/>
  <testcase classname="de.learnlib.testsupport.AbstractResumableLearnerTest" name="testSuspendAndResumeLearner" time="0.009"/>
  <testcase classname="de.learnlib.testsupport.AbstractGrowingAlphabetTest" name="testGrowingAlphabet" time="0.013"/>
  <testcase classname="de.learnlib.testsupport.AbstractGrowingAlphabetTest" name="testInitialAlphabet" time="0.001"/>
  <testcase classname="de.learnlib.algorithm.lambda.AbstractCounterexampleQueueTest" name="testPop" time="0.001"/>
  <testcase classname="de.learnlib.testsupport.AbstractGrowingAlphabetTest" name="testGrowingAlphabet" time="0.011"/>
  <testcase classname="de.learnlib.testsupport.AbstractGrowingAlphabetTest" name="testInitialAlphabet" time="0.001"/>
</testsuite> <!-- Surefire test -->
