<?xml version="1.0" encoding="UTF-8"?>
<!-- Generated by org.testng.reporters.JUnitXMLReporter -->
<testsuite ignored="0" hostname="asus" failures="0" tests="8" name="Surefire test" time="0.873" errors="0" timestamp="2025-05-04T15:12:33 CEST">
  <testcase classname="de.learnlib.algorithm.dhc.mealy.MealyDHCTest" name="testMealyDHCCoffee" time="0.04"/>
  <testcase classname="de.learnlib.algorithm.dhc.mealy.MealyDHCTest" name="testMealyDHCGrid" time="0.007"/>
  <testcase classname="de.learnlib.algorithm.dhc.mealy.MealyDHCTest" name="testMealyDHCInternalSate" time="0.001"/>
  <testcase classname="de.learnlib.algorithm.dhc.mealy.MealyDHCTest" name="testMealyDHCRandom" time="0.048"/>
  <testcase classname="de.learnlib.algorithm.dhc.mealy.MealyDHCTest" name="testMealyDHCStack" time="0.001"/>
  <testcase classname="de.learnlib.testsupport.AbstractGrowingAlphabetTest" name="testGrowingAlphabet" time="0.028"/>
  <testcase classname="de.learnlib.testsupport.AbstractGrowingAlphabetTest" name="testInitialAlphabet" time="0.001"/>
  <testcase classname="de.learnlib.testsupport.AbstractResumableLearnerTest" name="testSuspendAndResumeLearner" time="0.69"/>
</testsuite> <!-- Surefire test -->
