<?xml version="1.0" encoding="UTF-8"?>
<testsuite xmlns:xsi="http://www.w3.org/2001/XMLSchema-instance" xsi:noNamespaceSchemaLocation="https://maven.apache.org/surefire/maven-surefire-plugin/xsd/surefire-test-report.xsd" version="3.0.2" name="TestSuite" time="1.702" tests="46" errors="0" skipped="0" failures="0">
  <properties>
[...]
</properties>
  <testcase name="testInitialState" classname="de.learnlib.filter.statistic.oracle.CounterOracleTest" time="0.006">
    <system-err><![CDATA[SLF4J(W): No SLF4J providers were found.
SLF4J(W): Defaulting to no-operation (NOP) logger implementation
SLF4J(W): See https://www.slf4j.org/codes.html#noProviders for further details.
]]></system-err>
  </testcase>
  <testcase name="testStatistics" classname="de.learnlib.filter.statistic.oracle.CounterOracleTest" time="0.002"/>
  <testcase name="testFirstQueryBatch" classname="de.learnlib.filter.statistic.oracle.CounterOracleTest" time="0.041"/>
  <testcase name="testEmptyQueryBatch" classname="de.learnlib.filter.statistic.oracle.CounterOracleTest" time="0.001"/>
  <testcase name="testSecondQueryBatch" classname="de.learnlib.filter.statistic.oracle.CounterOracleTest" time="0.0"/>
  <testcase name="testGetName" classname="de.learnlib.filter.statistic.oracle.HistogramOracleTest" time="0.001"/>
  <testcase name="testInitialState" classname="de.learnlib.filter.statistic.oracle.HistogramOracleTest" time="0.0"/>
  <testcase name="testFirstQueryBatch" classname="de.learnlib.filter.statistic.oracle.HistogramOracleTest" time="0.001"/>
  <testcase name="testEmptyQueryBatch" classname="de.learnlib.filter.statistic.oracle.HistogramOracleTest" time="0.001"/>
  <testcase name="testSecondQueryBatch" classname="de.learnlib.filter.statistic.oracle.HistogramOracleTest" time="0.001"/>
  <testcase name="testSummary" classname="de.learnlib.filter.statistic.oracle.HistogramOracleTest" time="0.002"/>
  <testcase name="testInitialState" classname="de.learnlib.filter.statistic.oracle.CounterAdaptiveOracleTest" time="0.0"/>
  <testcase name="testStatistics" classname="de.learnlib.filter.statistic.oracle.CounterAdaptiveOracleTest" time="0.0"/>
  <testcase name="testFirstQueryBatch" classname="de.learnlib.filter.statistic.oracle.CounterAdaptiveOracleTest" time="0.003"/>
  <testcase name="testEmptyQueryBatch" classname="de.learnlib.filter.statistic.oracle.CounterAdaptiveOracleTest" time="0.0"/>
  <testcase name="testSecondQueryBatch" classname="de.learnlib.filter.statistic.oracle.CounterAdaptiveOracleTest" time="0.0"/>
  <testcase name="testInitialState" classname="de.learnlib.filter.statistic.sul.SymbolCounterStateLocalInputSULTest" time="0.001"/>
  <testcase name="testFirstQueryBatch" classname="de.learnlib.filter.statistic.sul.SymbolCounterStateLocalInputSULTest" time="0.004"/>
  <testcase name="testEmptyQueryBatch" classname="de.learnlib.filter.statistic.sul.SymbolCounterStateLocalInputSULTest" time="0.0"/>
  <testcase name="testSecondQueryBatch" classname="de.learnlib.filter.statistic.sul.SymbolCounterStateLocalInputSULTest" time="0.0"/>
  <testcase name="testSharedForkCounter" classname="de.learnlib.filter.statistic.sul.SymbolCounterStateLocalInputSULTest" time="0.001"/>
  <testcase name="testInitialState" classname="de.learnlib.filter.statistic.sul.SymbolCounterObservableSULTest" time="0.0"/>
  <testcase name="testFirstQueryBatch" classname="de.learnlib.filter.statistic.sul.SymbolCounterObservableSULTest" time="0.001"/>
  <testcase name="testEmptyQueryBatch" classname="de.learnlib.filter.statistic.sul.SymbolCounterObservableSULTest" time="0.0"/>
  <testcase name="testSecondQueryBatch" classname="de.learnlib.filter.statistic.sul.SymbolCounterObservableSULTest" time="0.001"/>
  <testcase name="testSharedForkCounter" classname="de.learnlib.filter.statistic.sul.SymbolCounterObservableSULTest" time="0.0"/>
  <testcase name="testInitialState" classname="de.learnlib.filter.statistic.sul.ResetCounterSULTest" time="0.001"/>
  <testcase name="testFirstQueryBatch" classname="de.learnlib.filter.statistic.sul.ResetCounterSULTest" time="0.001"/>
  <testcase name="testEmptyQueryBatch" classname="de.learnlib.filter.statistic.sul.ResetCounterSULTest" time="0.0"/>
  <testcase name="testSecondQueryBatch" classname="de.learnlib.filter.statistic.sul.ResetCounterSULTest" time="0.0"/>
  <testcase name="testSharedForkCounter" classname="de.learnlib.filter.statistic.sul.ResetCounterSULTest" time="0.001"/>
  <testcase name="testInitialState" classname="de.learnlib.filter.statistic.sul.SymbolCounterSULTest" time="0.0"/>
  <testcase name="testFirstQueryBatch" classname="de.learnlib.filter.statistic.sul.SymbolCounterSULTest" time="0.001"/>
  <testcase name="testEmptyQueryBatch" classname="de.learnlib.filter.statistic.sul.SymbolCounterSULTest" time="0.0"/>
  <testcase name="testSecondQueryBatch" classname="de.learnlib.filter.statistic.sul.SymbolCounterSULTest" time="0.0"/>
  <testcase name="testSharedForkCounter" classname="de.learnlib.filter.statistic.sul.SymbolCounterSULTest" time="0.001"/>
  <testcase name="testInitialState" classname="de.learnlib.filter.statistic.sul.ResetCounterObservableSULTest" time="0.0"/>
  <testcase name="testFirstQueryBatch" classname="de.learnlib.filter.statistic.sul.ResetCounterObservableSULTest" time="0.0"/>
  <testcase name="testEmptyQueryBatch" classname="de.learnlib.filter.statistic.sul.ResetCounterObservableSULTest" time="0.0"/>
  <testcase name="testSecondQueryBatch" classname="de.learnlib.filter.statistic.sul.ResetCounterObservableSULTest" time="0.0"/>
  <testcase name="testSharedForkCounter" classname="de.learnlib.filter.statistic.sul.ResetCounterObservableSULTest" time="0.001"/>
  <testcase name="testInitialState" classname="de.learnlib.filter.statistic.sul.ResetCounterStateLocalInputSULTest" time="0.0"/>
  <testcase name="testFirstQueryBatch" classname="de.learnlib.filter.statistic.sul.ResetCounterStateLocalInputSULTest" time="0.001"/>
  <testcase name="testEmptyQueryBatch" classname="de.learnlib.filter.statistic.sul.ResetCounterStateLocalInputSULTest" time="0.001"/>
  <testcase name="testSecondQueryBatch" classname="de.learnlib.filter.statistic.sul.ResetCounterStateLocalInputSULTest" time="0.0"/>
  <testcase name="testSharedForkCounter" classname="de.learnlib.filter.statistic.sul.ResetCounterStateLocalInputSULTest" time="0.0"/>
</testsuite>