<?xml version="1.0" encoding="UTF-8"?>
<!-- Generated by org.testng.reporters.JUnitXMLReporter -->
<testsuite ignored="0" hostname="asus" failures="0" tests="12" name="Surefire test" time="0.133" errors="0" timestamp="2025-05-04T17:32:17 CEST">
  <testcase classname="de.learnlib.filter.reuse.test.ReuseOracleTest" name="testConflictException" time="0.008"/>
  <testcase classname="de.learnlib.filter.reuse.test.ReuseOracleTest" name="testNoReusePossible" time="0.003"/>
  <testcase classname="de.learnlib.filter.reuse.test.ReuseOracleTest" name="testReusePossible" time="0.001"/>
  <testcase classname="de.learnlib.filter.reuse.test.ReuseOracleTest" name="testTreeIsEmpty" time="0.0"/>
  <testcase classname="de.learnlib.filter.reuse.test.ReuseOracleTest" name="testReusePossibleWithInvalidation" time="0.0"/>
  <testcase classname="de.learnlib.filter.reuse.test.ReuseOracleTest" name="testTreeIsAbleToCache" time="0.004"/>
  <testcase classname="de.learnlib.filter.reuse.test.ReuseOracleTest" name="testTreeDoesNotPump" time="0.0"/>
  <testcase classname="de.learnlib.filter.reuse.test.DomainKnowledgeTest" name="testPumpSymbolsSimple" time="0.0"/>
  <testcase classname="de.learnlib.filter.reuse.test.DomainKnowledgeTest" name="testReuseNodePrefixWhileReusing" time="0.001"/>
  <testcase classname="de.learnlib.filter.reuse.test.DomainKnowledgeTest" name="testPumpSymbolsComplex" time="0.001"/>
  <testcase classname="de.learnlib.filter.reuse.test.LearningTest" name="simpleTest" time="0.035"/>
  <testcase classname="de.learnlib.filter.reuse.test.QuiescenceTest" name="simpleTest" time="0.003"/>
</testsuite> <!-- Surefire test -->
