<?xml version="1.0" encoding="UTF-8"?>
<!-- Generated by org.testng.reporters.JUnitXMLReporter -->
<testsuite ignored="0" hostname="asus" failures="0" tests="4" name="Surefire test" time="1.49" errors="0" timestamp="2025-05-04T15:11:51 CEST">
  <testcase classname="de.learnlib.example.dfa.DFAExamplesTest" name="testPeterson2" time="0.058"/>
  <testcase classname="de.learnlib.example.dfa.DFAExamplesTest" name="testPeterson3" time="0.12"/>
  <testcase classname="de.learnlib.example.dfa.DFAExamplesTest" name="testPots2" time="0.016"/>
  <testcase classname="de.learnlib.example.dfa.DFAExamplesTest" name="testPots3" time="1.255"/>
</testsuite> <!-- Surefire test -->
