<?xml version="1.0" encoding="UTF-8"?>
<testng-results ignored="0" total="2" passed="2" failed="0" skipped="0">
  <reporter-output>
  </reporter-output>
  <suite started-at="2025-05-04T15:12:43 CEST" name="Surefire suite" finished-at="2025-05-04T15:12:43 CEST" duration-ms="43">
    <groups>
    </groups>
    <test started-at="2025-05-04T15:12:43 CEST" name="Surefire test" finished-at="2025-05-04T15:12:43 CEST" duration-ms="43">
      <class name="de.learnlib.driver.reflect.SimplePOJOTestDriverTest">
        <test-method signature="testDriverWithException()[pri:0, instance:de.learnlib.driver.reflect.SimplePOJOTestDriverTest@41c2284a]" started-at="2025-05-04T15:12:43 CEST" name="testDriverWithException" finished-at="2025-05-04T15:12:43 CEST" duration-ms="11" status="PASS">
          <reporter-output>
          </reporter-output>
        </test-method> <!-- testDriverWithException -->
        <test-method signature="testDriverWithNulls()[pri:0, instance:de.learnlib.driver.reflect.SimplePOJOTestDriverTest@41c2284a]" started-at="2025-05-04T15:12:43 CEST" name="testDriverWithNulls" finished-at="2025-05-04T15:12:43 CEST" duration-ms="0" status="PASS">
          <reporter-output>
          </reporter-output>
        </test-method> <!-- testDriverWithNulls -->
      </class> <!-- de.learnlib.driver.reflect.SimplePOJOTestDriverTest -->
    </test> <!-- Surefire test -->
  </suite> <!-- Surefire suite -->
</testng-results>
