<?xml version="1.0" encoding="UTF-8"?>
<!-- Generated by org.testng.reporters.JUnitXMLReporter -->
<testsuite ignored="1" hostname="asus" failures="0" tests="213" name="Surefire test" time="1.832" errors="0" timestamp="2025-05-04T17:32:15 CEST">
  <testcase classname="de.learnlib.filter.cache.InterningMembershipOracleTest" name="testInterning" time="0.018"/>
  <testcase classname="de.learnlib.filter.cache.AbstractCacheTest" name="testNoQueriesReceived" time="0.0"/>
  <testcase classname="de.learnlib.filter.cache.AbstractCacheTest" name="testFirstQuery" time="0.002"/>
  <testcase classname="de.learnlib.filter.cache.AbstractCacheTest" name="testFirstDuplicate" time="0.0"/>
  <testcase classname="de.learnlib.filter.cache.AbstractCacheTest" name="testTwoQueriesOneDuplicate" time="0.001"/>
  <testcase classname="de.learnlib.filter.cache.AbstractCacheTest" name="testOneNewQuery" time="0.001"/>
  <testcase classname="de.learnlib.filter.cache.AbstractCacheTest" name="testPrefix" time="0.0"/>
  <testcase classname="de.learnlib.filter.cache.AbstractCacheTest" name="testCacheConsistency" time="0.001"/>
  <testcase classname="de.learnlib.filter.cache.AbstractCacheTest" name="testResuming" time="0.506"/>
  <testcase classname="de.learnlib.filter.cache.AbstractCacheTest" name="testAddSymbol" time="0.001"/>
  <testcase classname="de.learnlib.filter.cache.AbstractCacheTest" name="testDuplicatesInBatch" time="0.0"/>
  <testcase classname="de.learnlib.filter.cache.AbstractParallelCacheTest" name="testConcurrentMembershipQueries" time="0.028"/>
  <testcase classname="de.learnlib.filter.cache.AbstractParallelCacheTest" name="testConcurrentMembershipQueries" time="0.008"/>
  <testcase classname="de.learnlib.filter.cache.AbstractParallelCacheTest" name="testConcurrentMembershipQueries" time="0.01"/>
  <testcase classname="de.learnlib.filter.cache.AbstractParallelCacheTest" name="testConcurrentMembershipQueries" time="0.01"/>
  <testcase classname="de.learnlib.filter.cache.AbstractParallelCacheTest" name="testConcurrentEquivalenceQueries" time="0.013"/>
  <testcase classname="de.learnlib.filter.cache.AbstractParallelCacheTest" name="testConcurrentEquivalenceQueries" time="0.009"/>
  <testcase classname="de.learnlib.filter.cache.AbstractParallelCacheTest" name="testConcurrentEquivalenceQueries" time="0.008"/>
  <testcase classname="de.learnlib.filter.cache.AbstractParallelCacheTest" name="testConcurrentEquivalenceQueries" time="0.01"/>
  <testcase classname="de.learnlib.filter.cache.AbstractCacheTest" name="testNoQueriesReceived" time="0.001"/>
  <testcase classname="de.learnlib.filter.cache.AbstractCacheTest" name="testFirstQuery" time="0.0"/>
  <testcase classname="de.learnlib.filter.cache.AbstractCacheTest" name="testFirstDuplicate" time="0.001"/>
  <testcase classname="de.learnlib.filter.cache.AbstractCacheTest" name="testTwoQueriesOneDuplicate" time="0.001"/>
  <testcase classname="de.learnlib.filter.cache.AbstractCacheTest" name="testOneNewQuery" time="0.0"/>
  <testcase classname="de.learnlib.filter.cache.AbstractCacheTest" name="testPrefix" time="0.0"/>
  <testcase classname="de.learnlib.filter.cache.AbstractCacheTest" name="testCacheConsistency" time="0.001"/>
  <testcase classname="de.learnlib.filter.cache.AbstractCacheTest" name="testResuming" time="0.001"/>
  <testcase classname="de.learnlib.filter.cache.AbstractCacheTest" name="testAddSymbol" time="0.0"/>
  <testcase classname="de.learnlib.filter.cache.AbstractCacheTest" name="testDuplicatesInBatch" time="0.0"/>
  <testcase classname="de.learnlib.filter.cache.AbstractCacheTest" name="testNoQueriesReceived" time="0.0"/>
  <testcase classname="de.learnlib.filter.cache.AbstractCacheTest" name="testFirstQuery" time="0.0"/>
  <testcase classname="de.learnlib.filter.cache.AbstractCacheTest" name="testFirstDuplicate" time="0.0"/>
  <testcase classname="de.learnlib.filter.cache.AbstractCacheTest" name="testTwoQueriesOneDuplicate" time="0.001"/>
  <testcase classname="de.learnlib.filter.cache.AbstractCacheTest" name="testOneNewQuery" time="0.001"/>
  <testcase classname="de.learnlib.filter.cache.AbstractCacheTest" name="testPrefix" time="0.0"/>
  <testcase classname="de.learnlib.filter.cache.AbstractCacheTest" name="testCacheConsistency" time="0.0"/>
  <testcase classname="de.learnlib.filter.cache.AbstractCacheTest" name="testResuming" time="0.11"/>
  <testcase classname="de.learnlib.filter.cache.AbstractCacheTest" name="testAddSymbol" time="0.001"/>
  <testcase classname="de.learnlib.filter.cache.AbstractCacheTest" name="testDuplicatesInBatch" time="0.001"/>
  <testcase classname="de.learnlib.filter.cache.AbstractCacheTest" name="testNoQueriesReceived" time="0.001"/>
  <testcase classname="de.learnlib.filter.cache.AbstractCacheTest" name="testFirstQuery" time="0.0"/>
  <testcase classname="de.learnlib.filter.cache.AbstractCacheTest" name="testFirstDuplicate" time="0.0"/>
  <testcase classname="de.learnlib.filter.cache.AbstractCacheTest" name="testTwoQueriesOneDuplicate" time="0.001"/>
  <testcase classname="de.learnlib.filter.cache.AbstractCacheTest" name="testOneNewQuery" time="0.0"/>
  <testcase classname="de.learnlib.filter.cache.AbstractCacheTest" name="testPrefix" time="0.0"/>
  <testcase classname="de.learnlib.filter.cache.AbstractCacheTest" name="testCacheConsistency" time="0.001"/>
  <testcase classname="de.learnlib.filter.cache.AbstractCacheTest" name="testResuming" time="0.001"/>
  <testcase classname="de.learnlib.filter.cache.AbstractCacheTest" name="testAddSymbol" time="0.0"/>
  <testcase classname="de.learnlib.filter.cache.AbstractCacheTest" name="testDuplicatesInBatch" time="0.0"/>
  <testcase classname="de.learnlib.filter.cache.AbstractParallelCacheTest" name="testConcurrentMembershipQueries" time="0.009"/>
  <testcase classname="de.learnlib.filter.cache.AbstractParallelCacheTest" name="testConcurrentEquivalenceQueries" time="0.01"/>
  <testcase classname="de.learnlib.filter.cache.AbstractParallelCacheTest" name="testConcurrentMembershipQueries" time="0.003"/>
  <testcase classname="de.learnlib.filter.cache.AbstractParallelCacheTest" name="testConcurrentEquivalenceQueries" time="0.005"/>
  <testcase classname="de.learnlib.filter.cache.AbstractParallelCacheTest" name="testConcurrentMembershipQueries" time="0.006"/>
  <testcase classname="de.learnlib.filter.cache.AbstractParallelCacheTest" name="testConcurrentEquivalenceQueries" time="0.005"/>
  <testcase classname="de.learnlib.filter.cache.AbstractParallelCacheTest" name="testConcurrentMembershipQueries" time="0.003"/>
  <testcase classname="de.learnlib.filter.cache.AbstractParallelCacheTest" name="testConcurrentEquivalenceQueries" time="0.005"/>
  <testcase classname="de.learnlib.filter.cache.AbstractParallelCacheTest" name="testConcurrentMembershipQueries" time="0.004"/>
  <testcase classname="de.learnlib.filter.cache.AbstractParallelCacheTest" name="testConcurrentEquivalenceQueries" time="0.004"/>
  <testcase classname="de.learnlib.filter.cache.AbstractParallelCacheTest" name="testConcurrentMembershipQueries" time="0.003"/>
  <testcase classname="de.learnlib.filter.cache.AbstractParallelCacheTest" name="testConcurrentEquivalenceQueries" time="0.003"/>
  <testcase classname="de.learnlib.filter.cache.AbstractCacheTest" name="testNoQueriesReceived" time="0.0"/>
  <testcase classname="de.learnlib.filter.cache.AbstractCacheTest" name="testFirstQuery" time="0.001"/>
  <testcase classname="de.learnlib.filter.cache.AbstractCacheTest" name="testFirstDuplicate" time="0.0"/>
  <testcase classname="de.learnlib.filter.cache.AbstractCacheTest" name="testTwoQueriesOneDuplicate" time="0.0"/>
  <testcase classname="de.learnlib.filter.cache.AbstractCacheTest" name="testOneNewQuery" time="0.0"/>
  <testcase classname="de.learnlib.filter.cache.AbstractCacheTest" name="testPrefix" time="0.0"/>
  <testcase classname="de.learnlib.filter.cache.AbstractCacheTest" name="testCacheConsistency" time="0.0"/>
  <testcase classname="de.learnlib.filter.cache.AbstractCacheTest" name="testResuming" time="0.033"/>
  <testcase classname="de.learnlib.filter.cache.AbstractCacheTest" name="testAddSymbol" time="0.0"/>
  <testcase classname="de.learnlib.filter.cache.AbstractCacheTest" name="testDuplicatesInBatch" time="0.001"/>
  <testcase classname="de.learnlib.filter.cache.AbstractCacheTest" name="testNoQueriesReceived" time="0.0"/>
  <testcase classname="de.learnlib.filter.cache.AbstractCacheTest" name="testFirstQuery" time="0.0"/>
  <testcase classname="de.learnlib.filter.cache.AbstractCacheTest" name="testFirstDuplicate" time="0.0"/>
  <testcase classname="de.learnlib.filter.cache.AbstractCacheTest" name="testTwoQueriesOneDuplicate" time="0.001"/>
  <testcase classname="de.learnlib.filter.cache.AbstractCacheTest" name="testOneNewQuery" time="0.0"/>
  <testcase classname="de.learnlib.filter.cache.AbstractCacheTest" name="testPrefix" time="0.0"/>
  <testcase classname="de.learnlib.filter.cache.AbstractCacheTest" name="testCacheConsistency" time="0.0"/>
  <testcase classname="de.learnlib.filter.cache.AbstractCacheTest" name="testResuming" time="0.073"/>
  <testcase classname="de.learnlib.filter.cache.AbstractCacheTest" name="testAddSymbol" time="0.0"/>
  <testcase classname="de.learnlib.filter.cache.AbstractCacheTest" name="testDuplicatesInBatch" time="0.0"/>
  <testcase classname="de.learnlib.filter.cache.AbstractCacheTest" name="testNoQueriesReceived" time="0.0"/>
  <testcase classname="de.learnlib.filter.cache.AbstractCacheTest" name="testFirstQuery" time="0.0"/>
  <testcase classname="de.learnlib.filter.cache.AbstractCacheTest" name="testFirstDuplicate" time="0.001"/>
  <testcase classname="de.learnlib.filter.cache.AbstractCacheTest" name="testTwoQueriesOneDuplicate" time="0.0"/>
  <testcase classname="de.learnlib.filter.cache.AbstractCacheTest" name="testOneNewQuery" time="0.0"/>
  <testcase classname="de.learnlib.filter.cache.AbstractCacheTest" name="testPrefix" time="0.0"/>
  <testcase classname="de.learnlib.filter.cache.AbstractCacheTest" name="testCacheConsistency" time="0.001"/>
  <testcase classname="de.learnlib.filter.cache.AbstractCacheTest" name="testResuming" time="0.071"/>
  <testcase classname="de.learnlib.filter.cache.AbstractCacheTest" name="testAddSymbol" time="0.0"/>
  <testcase classname="de.learnlib.filter.cache.AbstractCacheTest" name="testDuplicatesInBatch" time="0.0"/>
  <testcase classname="de.learnlib.filter.cache.AbstractCacheTest" name="testNoQueriesReceived" time="0.0"/>
  <testcase classname="de.learnlib.filter.cache.AbstractCacheTest" name="testFirstQuery" time="0.0"/>
  <testcase classname="de.learnlib.filter.cache.AbstractCacheTest" name="testFirstDuplicate" time="0.001"/>
  <testcase classname="de.learnlib.filter.cache.AbstractCacheTest" name="testTwoQueriesOneDuplicate" time="0.0"/>
  <testcase classname="de.learnlib.filter.cache.AbstractCacheTest" name="testOneNewQuery" time="0.001"/>
  <testcase classname="de.learnlib.filter.cache.AbstractCacheTest" name="testPrefix" time="0.0"/>
  <testcase classname="de.learnlib.filter.cache.AbstractCacheTest" name="testCacheConsistency" time="0.001"/>
  <testcase classname="de.learnlib.filter.cache.AbstractCacheTest" name="testResuming" time="0.1"/>
  <testcase classname="de.learnlib.filter.cache.AbstractCacheTest" name="testAddSymbol" time="0.001"/>
  <testcase classname="de.learnlib.filter.cache.AbstractCacheTest" name="testDuplicatesInBatch" time="0.0"/>
  <testcase classname="de.learnlib.filter.cache.AbstractParallelCacheTest" name="testConcurrentMembershipQueries" time="0.014"/>
  <testcase classname="de.learnlib.filter.cache.AbstractParallelCacheTest" name="testConcurrentEquivalenceQueries" time="0.02"/>
  <testcase classname="de.learnlib.filter.cache.AbstractParallelCacheTest" name="testConcurrentMembershipQueries" time="0.008"/>
  <testcase classname="de.learnlib.filter.cache.AbstractParallelCacheTest" name="testConcurrentEquivalenceQueries" time="0.01"/>
  <testcase classname="de.learnlib.filter.cache.AbstractParallelCacheTest" name="testConcurrentMembershipQueries" time="0.008"/>
  <testcase classname="de.learnlib.filter.cache.AbstractParallelCacheTest" name="testConcurrentEquivalenceQueries" time="0.016"/>
  <testcase classname="de.learnlib.filter.cache.AbstractParallelCacheTest" name="testConcurrentMembershipQueries" time="0.01"/>
  <testcase classname="de.learnlib.filter.cache.AbstractParallelCacheTest" name="testConcurrentEquivalenceQueries" time="0.016"/>
  <testcase classname="de.learnlib.filter.cache.AbstractParallelCacheTest" name="testConcurrentMembershipQueries" time="0.006"/>
  <testcase classname="de.learnlib.filter.cache.AbstractParallelCacheTest" name="testConcurrentEquivalenceQueries" time="0.016"/>
  <testcase classname="de.learnlib.filter.cache.AbstractCacheTest" name="testNoQueriesReceived" time="0.0"/>
  <testcase classname="de.learnlib.filter.cache.AbstractCacheTest" name="testFirstQuery" time="0.0"/>
  <testcase classname="de.learnlib.filter.cache.AbstractCacheTest" name="testFirstDuplicate" time="0.0"/>
  <testcase classname="de.learnlib.filter.cache.AbstractCacheTest" name="testTwoQueriesOneDuplicate" time="0.001"/>
  <testcase classname="de.learnlib.filter.cache.AbstractCacheTest" name="testOneNewQuery" time="0.0"/>
  <testcase classname="de.learnlib.filter.cache.AbstractCacheTest" name="testPrefix" time="0.001"/>
  <testcase classname="de.learnlib.filter.cache.AbstractCacheTest" name="testCacheConsistency" time="0.0"/>
  <testcase classname="de.learnlib.filter.cache.AbstractCacheTest" name="testResuming" time="0.065"/>
  <testcase classname="de.learnlib.filter.cache.AbstractCacheTest" name="testAddSymbol" time="0.0"/>
  <testcase classname="de.learnlib.filter.cache.AbstractCacheTest" name="testDuplicatesInBatch" time="0.001"/>
  <testcase classname="de.learnlib.filter.cache.sul.StateLocalInputSULTreeCacheTest" name="testNoQueriesReceived" time="0.0"/>
  <testcase classname="de.learnlib.filter.cache.AbstractCacheTest" name="testAddSymbol" time="0.0"/>
  <testcase classname="de.learnlib.filter.cache.sul.StateLocalInputSULTreeCacheTest" name="testFirstQuery" time="0.004"/>
  <testcase classname="de.learnlib.filter.cache.sul.StateLocalInputSULTreeCacheTest" name="testFirstDuplicate" time="0.0"/>
  <testcase classname="de.learnlib.filter.cache.sul.StateLocalInputSULTreeCacheTest" name="testTwoQueriesOneDuplicate" time="0.001"/>
  <testcase classname="de.learnlib.filter.cache.sul.StateLocalInputSULTreeCacheTest" name="testOneNewQuery" time="0.0"/>
  <testcase classname="de.learnlib.filter.cache.sul.StateLocalInputSULTreeCacheTest" name="testPrefix" time="0.0"/>
  <testcase classname="de.learnlib.filter.cache.sul.StateLocalInputSULTreeCacheTest" name="testCacheConsistency" time="0.0"/>
  <testcase classname="de.learnlib.filter.cache.sul.StateLocalInputSULTreeCacheTest" name="testResuming" time="0.084"/>
  <testcase classname="de.learnlib.filter.cache.sul.StateLocalInputSULTreeCacheTest" name="testDuplicatesInBatch" time="0.0"/>
  <testcase classname="de.learnlib.filter.cache.sul.StateLocalInputSULTreeCacheTest" name="testQueryWithNoContainedAlphabetSymbol" time="0.0"/>
  <testcase classname="de.learnlib.filter.cache.AbstractCacheTest" name="testNoQueriesReceived" time="0.0"/>
  <testcase classname="de.learnlib.filter.cache.AbstractCacheTest" name="testFirstQuery" time="0.001"/>
  <testcase classname="de.learnlib.filter.cache.AbstractCacheTest" name="testFirstDuplicate" time="0.0"/>
  <testcase classname="de.learnlib.filter.cache.AbstractCacheTest" name="testTwoQueriesOneDuplicate" time="0.001"/>
  <testcase classname="de.learnlib.filter.cache.AbstractCacheTest" name="testOneNewQuery" time="0.0"/>
  <testcase classname="de.learnlib.filter.cache.AbstractCacheTest" name="testPrefix" time="0.001"/>
  <testcase classname="de.learnlib.filter.cache.AbstractCacheTest" name="testCacheConsistency" time="0.0"/>
  <testcase classname="de.learnlib.filter.cache.AbstractCacheTest" name="testResuming" time="0.035"/>
  <testcase classname="de.learnlib.filter.cache.AbstractCacheTest" name="testAddSymbol" time="0.0"/>
  <testcase classname="de.learnlib.filter.cache.AbstractCacheTest" name="testDuplicatesInBatch" time="0.0"/>
  <testcase classname="de.learnlib.filter.cache.AbstractCacheTest" name="testNoQueriesReceived" time="0.0"/>
  <testcase classname="de.learnlib.filter.cache.AbstractCacheTest" name="testFirstQuery" time="0.0"/>
  <testcase classname="de.learnlib.filter.cache.AbstractCacheTest" name="testFirstDuplicate" time="0.0"/>
  <testcase classname="de.learnlib.filter.cache.AbstractCacheTest" name="testTwoQueriesOneDuplicate" time="0.0"/>
  <testcase classname="de.learnlib.filter.cache.AbstractCacheTest" name="testOneNewQuery" time="0.001"/>
  <testcase classname="de.learnlib.filter.cache.AbstractCacheTest" name="testPrefix" time="0.0"/>
  <testcase classname="de.learnlib.filter.cache.AbstractCacheTest" name="testCacheConsistency" time="0.0"/>
  <testcase classname="de.learnlib.filter.cache.AbstractCacheTest" name="testResuming" time="0.001"/>
  <testcase classname="de.learnlib.filter.cache.AbstractCacheTest" name="testAddSymbol" time="0.0"/>
  <testcase classname="de.learnlib.filter.cache.AbstractCacheTest" name="testDuplicatesInBatch" time="0.001"/>
  <testcase classname="de.learnlib.filter.cache.AbstractCacheTest" name="testNoQueriesReceived" time="0.0"/>
  <testcase classname="de.learnlib.filter.cache.AbstractCacheTest" name="testFirstQuery" time="0.0"/>
  <testcase classname="de.learnlib.filter.cache.AbstractCacheTest" name="testFirstDuplicate" time="0.0"/>
  <testcase classname="de.learnlib.filter.cache.AbstractCacheTest" name="testTwoQueriesOneDuplicate" time="0.0"/>
  <testcase classname="de.learnlib.filter.cache.AbstractCacheTest" name="testOneNewQuery" time="0.0"/>
  <testcase classname="de.learnlib.filter.cache.AbstractCacheTest" name="testPrefix" time="0.0"/>
  <testcase classname="de.learnlib.filter.cache.AbstractCacheTest" name="testCacheConsistency" time="0.001"/>
  <testcase classname="de.learnlib.filter.cache.AbstractCacheTest" name="testResuming" time="0.001"/>
  <testcase classname="de.learnlib.filter.cache.AbstractCacheTest" name="testAddSymbol" time="0.0"/>
  <testcase classname="de.learnlib.filter.cache.AbstractCacheTest" name="testDuplicatesInBatch" time="0.0"/>
  <testcase classname="de.learnlib.filter.cache.AbstractCacheTest" name="testNoQueriesReceived" time="0.0"/>
  <testcase classname="de.learnlib.filter.cache.AbstractCacheTest" name="testFirstQuery" time="0.001"/>
  <testcase classname="de.learnlib.filter.cache.AbstractCacheTest" name="testFirstDuplicate" time="0.0"/>
  <testcase classname="de.learnlib.filter.cache.AbstractCacheTest" name="testTwoQueriesOneDuplicate" time="0.0"/>
  <testcase classname="de.learnlib.filter.cache.AbstractCacheTest" name="testOneNewQuery" time="0.0"/>
  <testcase classname="de.learnlib.filter.cache.AbstractCacheTest" name="testPrefix" time="0.001"/>
  <testcase classname="de.learnlib.filter.cache.AbstractCacheTest" name="testCacheConsistency" time="0.0"/>
  <testcase classname="de.learnlib.filter.cache.AbstractCacheTest" name="testResuming" time="0.0"/>
  <testcase classname="de.learnlib.filter.cache.AbstractCacheTest" name="testAddSymbol" time="0.001"/>
  <testcase classname="de.learnlib.filter.cache.AbstractCacheTest" name="testDuplicatesInBatch" time="0.001"/>
  <testcase classname="de.learnlib.filter.cache.AbstractParallelCacheTest" name="testConcurrentMembershipQueries" time="0.005"/>
  <testcase classname="de.learnlib.filter.cache.AbstractParallelCacheTest" name="testConcurrentEquivalenceQueries" time="0.007"/>
  <testcase classname="de.learnlib.filter.cache.AbstractParallelCacheTest" name="testConcurrentMembershipQueries" time="0.004"/>
  <testcase classname="de.learnlib.filter.cache.AbstractParallelCacheTest" name="testConcurrentEquivalenceQueries" time="0.005"/>
  <testcase classname="de.learnlib.filter.cache.AbstractParallelCacheTest" name="testConcurrentMembershipQueries" time="0.005"/>
  <testcase classname="de.learnlib.filter.cache.AbstractParallelCacheTest" name="testConcurrentEquivalenceQueries" time="0.004"/>
  <testcase classname="de.learnlib.filter.cache.AbstractParallelCacheTest" name="testConcurrentMembershipQueries" time="0.003"/>
  <testcase classname="de.learnlib.filter.cache.AbstractParallelCacheTest" name="testConcurrentEquivalenceQueries" time="0.003"/>
  <testcase classname="de.learnlib.filter.cache.AbstractParallelCacheTest" name="testConcurrentMembershipQueries" time="0.004"/>
  <testcase classname="de.learnlib.filter.cache.AbstractParallelCacheTest" name="testConcurrentEquivalenceQueries" time="0.003"/>
  <testcase classname="de.learnlib.filter.cache.AbstractParallelCacheTest" name="testConcurrentMembershipQueries" time="0.003"/>
  <testcase classname="de.learnlib.filter.cache.AbstractParallelCacheTest" name="testConcurrentEquivalenceQueries" time="0.004"/>
  <testcase classname="de.learnlib.filter.cache.AbstractCacheTest" name="testNoQueriesReceived" time="0.001"/>
  <testcase classname="de.learnlib.filter.cache.AbstractCacheTest" name="testFirstQuery" time="0.0"/>
  <testcase classname="de.learnlib.filter.cache.AbstractCacheTest" name="testFirstDuplicate" time="0.0"/>
  <testcase classname="de.learnlib.filter.cache.AbstractCacheTest" name="testTwoQueriesOneDuplicate" time="0.001"/>
  <testcase classname="de.learnlib.filter.cache.AbstractCacheTest" name="testOneNewQuery" time="0.0"/>
  <testcase classname="de.learnlib.filter.cache.AbstractCacheTest" name="testPrefix" time="0.0"/>
  <testcase classname="de.learnlib.filter.cache.AbstractCacheTest" name="testCacheConsistency" time="0.001"/>
  <testcase classname="de.learnlib.filter.cache.AbstractCacheTest" name="testResuming" time="0.001"/>
  <testcase classname="de.learnlib.filter.cache.AbstractCacheTest" name="testAddSymbol" time="0.0"/>
  <testcase classname="de.learnlib.filter.cache.AbstractCacheTest" name="testDuplicatesInBatch" time="0.0"/>
  <testcase classname="de.learnlib.filter.cache.AbstractCacheTest" name="testNoQueriesReceived" time="0.0"/>
  <testcase classname="de.learnlib.filter.cache.AbstractCacheTest" name="testFirstQuery" time="0.0"/>
  <testcase classname="de.learnlib.filter.cache.AbstractCacheTest" name="testFirstDuplicate" time="0.0"/>
  <testcase classname="de.learnlib.filter.cache.AbstractCacheTest" name="testTwoQueriesOneDuplicate" time="0.0"/>
  <testcase classname="de.learnlib.filter.cache.AbstractCacheTest" name="testOneNewQuery" time="0.0"/>
  <testcase classname="de.learnlib.filter.cache.AbstractCacheTest" name="testPrefix" time="0.0"/>
  <testcase classname="de.learnlib.filter.cache.AbstractCacheTest" name="testCacheConsistency" time="0.001"/>
  <testcase classname="de.learnlib.filter.cache.AbstractCacheTest" name="testResuming" time="0.001"/>
  <testcase classname="de.learnlib.filter.cache.AbstractCacheTest" name="testAddSymbol" time="0.0"/>
  <testcase classname="de.learnlib.filter.cache.AbstractCacheTest" name="testDuplicatesInBatch" time="0.0"/>
  <testcase classname="de.learnlib.filter.cache.AbstractCacheTest" name="testNoQueriesReceived" time="0.0"/>
  <testcase classname="de.learnlib.filter.cache.AbstractCacheTest" name="testFirstQuery" time="0.002"/>
  <testcase classname="de.learnlib.filter.cache.AbstractCacheTest" name="testFirstDuplicate" time="0.0"/>
  <testcase classname="de.learnlib.filter.cache.AbstractCacheTest" name="testTwoQueriesOneDuplicate" time="0.001"/>
  <testcase classname="de.learnlib.filter.cache.AbstractCacheTest" name="testOneNewQuery" time="0.001"/>
  <testcase classname="de.learnlib.filter.cache.AbstractCacheTest" name="testPrefix" time="0.0"/>
  <testcase classname="de.learnlib.filter.cache.AbstractCacheTest" name="testCacheConsistency" time="0.002"/>
  <testcase classname="de.learnlib.filter.cache.AbstractCacheTest" name="testResuming" time="0.047"/>
  <testcase classname="de.learnlib.filter.cache.AbstractCacheTest" name="testAddSymbol" time="0.0"/>
  <testcase classname="de.learnlib.filter.cache.mealy.AdaptiveQueryCacheTest" name="testDuplicatesInBatch" time="0.0">
    <ignored/>
  </testcase> <!-- testDuplicatesInBatch -->
</testsuite> <!-- Surefire test -->
