<?xml version="1.0" encoding="UTF-8"?>
<testsuite xmlns:xsi="http://www.w3.org/2001/XMLSchema-instance" xsi:noNamespaceSchemaLocation="https://maven.apache.org/surefire/maven-surefire-plugin/xsd/surefire-test-report.xsd" version="3.0.2" name="de.learnlib.counterexample.acex.AnalyzersTest" time="0.508" tests="18" errors="0" skipped="0" failures="0">
  <properties>
[...]
</properties>
  <testcase name="testOne0[BinarySearchFwd](1)" classname="de.learnlib.counterexample.acex.AnalyzersTest" time="0.008">
    <system-err><![CDATA[SLF4J(W): No SLF4J providers were found.
SLF4J(W): Defaulting to no-operation (NOP) logger implementation
SLF4J(W): See https://www.slf4j.org/codes.html#noProviders for further details.
]]></system-err>
  </testcase>
  <testcase name="testOne0[LinearFwd](2)" classname="de.learnlib.counterexample.acex.AnalyzersTest" time="0.0"/>
  <testcase name="testOne0[ExponentialFwd](3)" classname="de.learnlib.counterexample.acex.AnalyzersTest" time="0.0"/>
  <testcase name="testOne0[BinarySearchBwd](4)" classname="de.learnlib.counterexample.acex.AnalyzersTest" time="0.001"/>
  <testcase name="testOne0[LinearBwd](5)" classname="de.learnlib.counterexample.acex.AnalyzersTest" time="0.0"/>
  <testcase name="testOne0[ExponentialBwd](6)" classname="de.learnlib.counterexample.acex.AnalyzersTest" time="0.0"/>
  <testcase name="testOne1[BinarySearchFwd](1)" classname="de.learnlib.counterexample.acex.AnalyzersTest" time="0.0"/>
  <testcase name="testOne1[LinearFwd](2)" classname="de.learnlib.counterexample.acex.AnalyzersTest" time="0.001"/>
  <testcase name="testOne1[ExponentialFwd](3)" classname="de.learnlib.counterexample.acex.AnalyzersTest" time="0.001"/>
  <testcase name="testOne1[BinarySearchBwd](4)" classname="de.learnlib.counterexample.acex.AnalyzersTest" time="0.001"/>
  <testcase name="testOne1[LinearBwd](5)" classname="de.learnlib.counterexample.acex.AnalyzersTest" time="0.001"/>
  <testcase name="testOne1[ExponentialBwd](6)" classname="de.learnlib.counterexample.acex.AnalyzersTest" time="0.001"/>
  <testcase name="testRandom[BinarySearchFwd](1)" classname="de.learnlib.counterexample.acex.AnalyzersTest" time="0.002"/>
  <testcase name="testRandom[LinearFwd](2)" classname="de.learnlib.counterexample.acex.AnalyzersTest" time="0.001"/>
  <testcase name="testRandom[ExponentialFwd](3)" classname="de.learnlib.counterexample.acex.AnalyzersTest" time="0.001"/>
  <testcase name="testRandom[BinarySearchBwd](4)" classname="de.learnlib.counterexample.acex.AnalyzersTest" time="0.001"/>
  <testcase name="testRandom[LinearBwd](5)" classname="de.learnlib.counterexample.acex.AnalyzersTest" time="0.001"/>
  <testcase name="testRandom[ExponentialBwd](6)" classname="de.learnlib.counterexample.acex.AnalyzersTest" time="0.001"/>
</testsuite>