<?xml version="1.0" encoding="UTF-8"?>
<testng-results ignored="0" total="18" passed="18" failed="0" skipped="0">
  <reporter-output>
  </reporter-output>
  <suite started-at="2025-05-04T15:11:43 CEST" name="Surefire suite" finished-at="2025-05-04T15:11:43 CEST" duration-ms="74">
    <groups>
    </groups>
    <test started-at="2025-05-04T15:11:43 CEST" name="Surefire test" finished-at="2025-05-04T15:11:43 CEST" duration-ms="74">
      <class name="de.learnlib.counterexample.acex.AnalyzersTest">
        <test-method signature="testOne0(de.learnlib.acex.AbstractNamedAcexAnalyzer)[pri:0, instance:de.learnlib.counterexample.acex.AnalyzersTest@37858383]" started-at="2025-05-04T15:11:43 CEST" name="testOne0" data-provider="analyzers" finished-at="2025-05-04T15:11:43 CEST" duration-ms="7" status="PASS">
          <params>
            <param index="0">
              <value>
                <![CDATA[BinarySearchFwd]]>
              </value>
            </param>
          </params>
          <reporter-output>
          </reporter-output>
        </test-method> <!-- testOne0 -->
        <test-method signature="testOne0(de.learnlib.acex.AbstractNamedAcexAnalyzer)[pri:0, instance:de.learnlib.counterexample.acex.AnalyzersTest@37858383]" started-at="2025-05-04T15:11:43 CEST" name="testOne0" data-provider="analyzers" finished-at="2025-05-04T15:11:43 CEST" duration-ms="1" status="PASS">
          <params>
            <param index="0">
              <value>
                <![CDATA[LinearFwd]]>
              </value>
            </param>
          </params>
          <reporter-output>
          </reporter-output>
        </test-method> <!-- testOne0 -->
        <test-method signature="testOne0(de.learnlib.acex.AbstractNamedAcexAnalyzer)[pri:0, instance:de.learnlib.counterexample.acex.AnalyzersTest@37858383]" started-at="2025-05-04T15:11:43 CEST" name="testOne0" data-provider="analyzers" finished-at="2025-05-04T15:11:43 CEST" duration-ms="1" status="PASS">
          <params>
            <param index="0">
              <value>
                <![CDATA[ExponentialFwd]]>
              </value>
            </param>
          </params>
          <reporter-output>
          </reporter-output>
        </test-method> <!-- testOne0 -->
        <test-method signature="testOne0(de.learnlib.acex.AbstractNamedAcexAnalyzer)[pri:0, instance:de.learnlib.counterexample.acex.AnalyzersTest@37858383]" started-at="2025-05-04T15:11:43 CEST" name="testOne0" data-provider="analyzers" finished-at="2025-05-04T15:11:43 CEST" duration-ms="1" status="PASS">
          <params>
            <param index="0">
              <value>
                <![CDATA[BinarySearchBwd]]>
              </value>
            </param>
          </params>
          <reporter-output>
          </reporter-output>
        </test-method> <!-- testOne0 -->
        <test-method signature="testOne0(de.learnlib.acex.AbstractNamedAcexAnalyzer)[pri:0, instance:de.learnlib.counterexample.acex.AnalyzersTest@37858383]" started-at="2025-05-04T15:11:43 CEST" name="testOne0" data-provider="analyzers" finished-at="2025-05-04T15:11:43 CEST" duration-ms="1" status="PASS">
          <params>
            <param index="0">
              <value>
                <![CDATA[LinearBwd]]>
              </value>
            </param>
          </params>
          <reporter-output>
          </reporter-output>
        </test-method> <!-- testOne0 -->
        <test-method signature="testOne0(de.learnlib.acex.AbstractNamedAcexAnalyzer)[pri:0, instance:de.learnlib.counterexample.acex.AnalyzersTest@37858383]" started-at="2025-05-04T15:11:43 CEST" name="testOne0" data-provider="analyzers" finished-at="2025-05-04T15:11:43 CEST" duration-ms="1" status="PASS">
          <params>
            <param index="0">
              <value>
                <![CDATA[ExponentialBwd]]>
              </value>
            </param>
          </params>
          <reporter-output>
          </reporter-output>
        </test-method> <!-- testOne0 -->
        <test-method signature="testOne1(de.learnlib.acex.AbstractNamedAcexAnalyzer)[pri:0, instance:de.learnlib.counterexample.acex.AnalyzersTest@37858383]" started-at="2025-05-04T15:11:43 CEST" name="testOne1" data-provider="analyzers" finished-at="2025-05-04T15:11:43 CEST" duration-ms="1" status="PASS">
          <params>
            <param index="0">
              <value>
                <![CDATA[BinarySearchFwd]]>
              </value>
            </param>
          </params>
          <reporter-output>
          </reporter-output>
        </test-method> <!-- testOne1 -->
        <test-method signature="testOne1(de.learnlib.acex.AbstractNamedAcexAnalyzer)[pri:0, instance:de.learnlib.counterexample.acex.AnalyzersTest@37858383]" started-at="2025-05-04T15:11:43 CEST" name="testOne1" data-provider="analyzers" finished-at="2025-05-04T15:11:43 CEST" duration-ms="0" status="PASS">
          <params>
            <param index="0">
              <value>
                <![CDATA[LinearFwd]]>
              </value>
            </param>
          </params>
          <reporter-output>
          </reporter-output>
        </test-method> <!-- testOne1 -->
        <test-method signature="testOne1(de.learnlib.acex.AbstractNamedAcexAnalyzer)[pri:0, instance:de.learnlib.counterexample.acex.AnalyzersTest@37858383]" started-at="2025-05-04T15:11:43 CEST" name="testOne1" data-provider="analyzers" finished-at="2025-05-04T15:11:43 CEST" duration-ms="0" status="PASS">
          <params>
            <param index="0">
              <value>
                <![CDATA[ExponentialFwd]]>
              </value>
            </param>
          </params>
          <reporter-output>
          </reporter-output>
        </test-method> <!-- testOne1 -->
        <test-method signature="testOne1(de.learnlib.acex.AbstractNamedAcexAnalyzer)[pri:0, instance:de.learnlib.counterexample.acex.AnalyzersTest@37858383]" started-at="2025-05-04T15:11:43 CEST" name="testOne1" data-provider="analyzers" finished-at="2025-05-04T15:11:43 CEST" duration-ms="0" status="PASS">
          <params>
            <param index="0">
              <value>
                <![CDATA[BinarySearchBwd]]>
              </value>
            </param>
          </params>
          <reporter-output>
          </reporter-output>
        </test-method> <!-- testOne1 -->
        <test-method signature="testOne1(de.learnlib.acex.AbstractNamedAcexAnalyzer)[pri:0, instance:de.learnlib.counterexample.acex.AnalyzersTest@37858383]" started-at="2025-05-04T15:11:43 CEST" name="testOne1" data-provider="analyzers" finished-at="2025-05-04T15:11:43 CEST" duration-ms="0" status="PASS">
          <params>
            <param index="0">
              <value>
                <![CDATA[LinearBwd]]>
              </value>
            </param>
          </params>
          <reporter-output>
          </reporter-output>
        </test-method> <!-- testOne1 -->
        <test-method signature="testOne1(de.learnlib.acex.AbstractNamedAcexAnalyzer)[pri:0, instance:de.learnlib.counterexample.acex.AnalyzersTest@37858383]" started-at="2025-05-04T15:11:43 CEST" name="testOne1" data-provider="analyzers" finished-at="2025-05-04T15:11:43 CEST" duration-ms="0" status="PASS">
          <params>
            <param index="0">
              <value>
                <![CDATA[ExponentialBwd]]>
              </value>
            </param>
          </params>
          <reporter-output>
          </reporter-output>
        </test-method> <!-- testOne1 -->
        <test-method signature="testRandom(de.learnlib.acex.AbstractNamedAcexAnalyzer)[pri:0, instance:de.learnlib.counterexample.acex.AnalyzersTest@37858383]" started-at="2025-05-04T15:11:43 CEST" name="testRandom" data-provider="analyzers" finished-at="2025-05-04T15:11:43 CEST" duration-ms="1" status="PASS">
          <params>
            <param index="0">
              <value>
                <![CDATA[BinarySearchFwd]]>
              </value>
            </param>
          </params>
          <reporter-output>
          </reporter-output>
        </test-method> <!-- testRandom -->
        <test-method signature="testRandom(de.learnlib.acex.AbstractNamedAcexAnalyzer)[pri:0, instance:de.learnlib.counterexample.acex.AnalyzersTest@37858383]" started-at="2025-05-04T15:11:43 CEST" name="testRandom" data-provider="analyzers" finished-at="2025-05-04T15:11:43 CEST" duration-ms="1" status="PASS">
          <params>
            <param index="0">
              <value>
                <![CDATA[LinearFwd]]>
              </value>
            </param>
          </params>
          <reporter-output>
          </reporter-output>
        </test-method> <!-- testRandom -->
        <test-method signature="testRandom(de.learnlib.acex.AbstractNamedAcexAnalyzer)[pri:0, instance:de.learnlib.counterexample.acex.AnalyzersTest@37858383]" started-at="2025-05-04T15:11:43 CEST" name="testRandom" data-provider="analyzers" finished-at="2025-05-04T15:11:43 CEST" duration-ms="0" status="PASS">
          <params>
            <param index="0">
              <value>
                <![CDATA[ExponentialFwd]]>
              </value>
            </param>
          </params>
          <reporter-output>
          </reporter-output>
        </test-method> <!-- testRandom -->
        <test-method signature="testRandom(de.learnlib.acex.AbstractNamedAcexAnalyzer)[pri:0, instance:de.learnlib.counterexample.acex.AnalyzersTest@37858383]" started-at="2025-05-04T15:11:43 CEST" name="testRandom" data-provider="analyzers" finished-at="2025-05-04T15:11:43 CEST" duration-ms="0" status="PASS">
          <params>
            <param index="0">
              <value>
                <![CDATA[BinarySearchBwd]]>
              </value>
            </param>
          </params>
          <reporter-output>
          </reporter-output>
        </test-method> <!-- testRandom -->
        <test-method signature="testRandom(de.learnlib.acex.AbstractNamedAcexAnalyzer)[pri:0, instance:de.learnlib.counterexample.acex.AnalyzersTest@37858383]" started-at="2025-05-04T15:11:43 CEST" name="testRandom" data-provider="analyzers" finished-at="2025-05-04T15:11:43 CEST" duration-ms="0" status="PASS">
          <params>
            <param index="0">
              <value>
                <![CDATA[LinearBwd]]>
              </value>
            </param>
          </params>
          <reporter-output>
          </reporter-output>
        </test-method> <!-- testRandom -->
        <test-method signature="testRandom(de.learnlib.acex.AbstractNamedAcexAnalyzer)[pri:0, instance:de.learnlib.counterexample.acex.AnalyzersTest@37858383]" started-at="2025-05-04T15:11:43 CEST" name="testRandom" data-provider="analyzers" finished-at="2025-05-04T15:11:43 CEST" duration-ms="0" status="PASS">
          <params>
            <param index="0">
              <value>
                <![CDATA[ExponentialBwd]]>
              </value>
            </param>
          </params>
          <reporter-output>
          </reporter-output>
        </test-method> <!-- testRandom -->
      </class> <!-- de.learnlib.counterexample.acex.AnalyzersTest -->
    </test> <!-- Surefire test -->
  </suite> <!-- Surefire suite -->
</testng-results>
