<?xml version="1.0" encoding="UTF-8"?>
<!-- Generated by org.testng.reporters.JUnitXMLReporter -->
<testsuite ignored="0" hostname="asus" failures="0" tests="18" name="Surefire test" time="1.492" errors="0" timestamp="2025-05-04T15:12:48 CEST">
  <testcase classname="de.learnlib.oracle.emptiness.AbstractLassoEmptinessOracleImplTest" name="testFindCounterExample" time="0.011"/>
  <testcase classname="de.learnlib.oracle.emptiness.AbstractLassoEmptinessOracleImplTest" name="testIsCounterExample" time="0.0"/>
  <testcase classname="de.learnlib.oracle.emptiness.AbstractLassoEmptinessOracleImplTest" name="testProcessInput" time="0.011"/>
  <testcase classname="de.learnlib.oracle.emptiness.AbstractBFEmptinessOracleTest" name="testFindCounterExample" time="0.002"/>
  <testcase classname="de.learnlib.oracle.emptiness.AbstractBFEmptinessOracleTest" name="testIsCounterExample" time="0.0"/>
  <testcase classname="de.learnlib.testsupport.AbstractBFOracleTest" name="testAddWord" time="0.0"/>
  <testcase classname="de.learnlib.testsupport.AbstractBFOracleTest" name="testGetMultiplier" time="0.001"/>
  <testcase classname="de.learnlib.testsupport.AbstractBFOracleTest" name="testNextInput" time="0.001"/>
  <testcase classname="de.learnlib.testsupport.AbstractBFOracleTest" name="testPre" time="0.001"/>
  <testcase classname="de.learnlib.oracle.emptiness.AbstractLassoEmptinessOracleImplTest" name="testFindCounterExample" time="0.001"/>
  <testcase classname="de.learnlib.oracle.emptiness.AbstractLassoEmptinessOracleImplTest" name="testIsCounterExample" time="0.0"/>
  <testcase classname="de.learnlib.oracle.emptiness.AbstractLassoEmptinessOracleImplTest" name="testProcessInput" time="0.002"/>
  <testcase classname="de.learnlib.oracle.emptiness.AbstractBFEmptinessOracleTest" name="testFindCounterExample" time="0.003"/>
  <testcase classname="de.learnlib.oracle.emptiness.AbstractBFEmptinessOracleTest" name="testIsCounterExample" time="0.0"/>
  <testcase classname="de.learnlib.testsupport.AbstractBFOracleTest" name="testAddWord" time="0.0"/>
  <testcase classname="de.learnlib.testsupport.AbstractBFOracleTest" name="testGetMultiplier" time="0.001"/>
  <testcase classname="de.learnlib.testsupport.AbstractBFOracleTest" name="testNextInput" time="0.001"/>
  <testcase classname="de.learnlib.testsupport.AbstractBFOracleTest" name="testPre" time="0.0"/>
</testsuite> <!-- Surefire test -->
