<?xml version="1.0" encoding="UTF-8"?>
<testng-results ignored="0" total="9" passed="9" failed="0" skipped="0">
  <reporter-output>
  </reporter-output>
  <suite started-at="2025-05-04T15:12:18 CEST" name="Surefire suite" finished-at="2025-05-04T15:12:18 CEST" duration-ms="178">
    <groups>
    </groups>
    <test started-at="2025-05-04T15:12:18 CEST" name="Surefire test" finished-at="2025-05-04T15:12:18 CEST" duration-ms="178">
      <class name="de.learnlib.algorithm.aaar.generic.GenericAAARLearnerDFATest">
        <test-method signature="testAbstractHypothesisEquivalence()[pri:0, instance:de.learnlib.algorithm.aaar.generic.GenericAAARLearnerDFATest@7068e664]" started-at="2025-05-04T15:12:18 CEST" name="testAbstractHypothesisEquivalence" finished-at="2025-05-04T15:12:18 CEST" duration-ms="7" status="PASS">
          <reporter-output>
          </reporter-output>
        </test-method> <!-- testAbstractHypothesisEquivalence -->
        <test-method signature="testTreeSerialization()[pri:0, instance:de.learnlib.algorithm.aaar.generic.GenericAAARLearnerDFATest@7068e664]" started-at="2025-05-04T15:12:18 CEST" name="testTreeSerialization" finished-at="2025-05-04T15:12:18 CEST" depends-on-methods="de.learnlib.algorithm.aaar.AbstractAAARTest.testAbstractHypothesisEquivalence" duration-ms="1" status="PASS">
          <reporter-output>
          </reporter-output>
        </test-method> <!-- testTreeSerialization -->
      </class> <!-- de.learnlib.algorithm.aaar.generic.GenericAAARLearnerDFATest -->
      <class name="de.learnlib.algorithm.aaar.generic.GenericAAARLearnerMooreTest">
        <test-method signature="testAbstractHypothesisEquivalence()[pri:0, instance:de.learnlib.algorithm.aaar.generic.GenericAAARLearnerMooreTest@71687585]" started-at="2025-05-04T15:12:18 CEST" name="testAbstractHypothesisEquivalence" finished-at="2025-05-04T15:12:18 CEST" duration-ms="39" status="PASS">
          <reporter-output>
          </reporter-output>
        </test-method> <!-- testAbstractHypothesisEquivalence -->
        <test-method signature="testTreeSerialization()[pri:0, instance:de.learnlib.algorithm.aaar.generic.GenericAAARLearnerMooreTest@71687585]" started-at="2025-05-04T15:12:18 CEST" name="testTreeSerialization" finished-at="2025-05-04T15:12:18 CEST" depends-on-methods="de.learnlib.algorithm.aaar.AbstractAAARTest.testAbstractHypothesisEquivalence" duration-ms="1" status="PASS">
          <reporter-output>
          </reporter-output>
        </test-method> <!-- testTreeSerialization -->
      </class> <!-- de.learnlib.algorithm.aaar.generic.GenericAAARLearnerMooreTest -->
      <class name="de.learnlib.algorithm.aaar.explicit.ExplicitAAARLearnerDFATest">
        <test-method signature="testAbstractHypothesisEquivalence()[pri:0, instance:de.learnlib.algorithm.aaar.explicit.ExplicitAAARLearnerDFATest@33f676f6]" started-at="2025-05-04T15:12:18 CEST" name="testAbstractHypothesisEquivalence" finished-at="2025-05-04T15:12:18 CEST" duration-ms="3" status="PASS">
          <reporter-output>
          </reporter-output>
        </test-method> <!-- testAbstractHypothesisEquivalence -->
      </class> <!-- de.learnlib.algorithm.aaar.explicit.ExplicitAAARLearnerDFATest -->
      <class name="de.learnlib.algorithm.aaar.explicit.ExplicitAAARLearnerMealyTest">
        <test-method signature="testAbstractHypothesisEquivalence()[pri:0, instance:de.learnlib.algorithm.aaar.explicit.ExplicitAAARLearnerMealyTest@1e13529a]" started-at="2025-05-04T15:12:18 CEST" name="testAbstractHypothesisEquivalence" finished-at="2025-05-04T15:12:18 CEST" duration-ms="4" status="PASS">
          <reporter-output>
          </reporter-output>
        </test-method> <!-- testAbstractHypothesisEquivalence -->
      </class> <!-- de.learnlib.algorithm.aaar.explicit.ExplicitAAARLearnerMealyTest -->
      <class name="de.learnlib.algorithm.aaar.explicit.ExplicitAAARLearnerMooreTest">
        <test-method signature="testAbstractHypothesisEquivalence()[pri:0, instance:de.learnlib.algorithm.aaar.explicit.ExplicitAAARLearnerMooreTest@3cce57c7]" started-at="2025-05-04T15:12:18 CEST" name="testAbstractHypothesisEquivalence" finished-at="2025-05-04T15:12:18 CEST" duration-ms="49" status="PASS">
          <reporter-output>
          </reporter-output>
        </test-method> <!-- testAbstractHypothesisEquivalence -->
      </class> <!-- de.learnlib.algorithm.aaar.explicit.ExplicitAAARLearnerMooreTest -->
      <class name="de.learnlib.algorithm.aaar.generic.GenericAAARLearnerMealyTest">
        <test-method signature="testAbstractHypothesisEquivalence()[pri:0, instance:de.learnlib.algorithm.aaar.generic.GenericAAARLearnerMealyTest@8462f31]" started-at="2025-05-04T15:12:18 CEST" name="testAbstractHypothesisEquivalence" finished-at="2025-05-04T15:12:18 CEST" duration-ms="24" status="PASS">
          <reporter-output>
          </reporter-output>
        </test-method> <!-- testAbstractHypothesisEquivalence -->
        <test-method signature="testTreeSerialization()[pri:0, instance:de.learnlib.algorithm.aaar.generic.GenericAAARLearnerMealyTest@8462f31]" started-at="2025-05-04T15:12:18 CEST" name="testTreeSerialization" finished-at="2025-05-04T15:12:18 CEST" depends-on-methods="de.learnlib.algorithm.aaar.AbstractAAARTest.testAbstractHypothesisEquivalence" duration-ms="7" status="PASS">
          <reporter-output>
          </reporter-output>
        </test-method> <!-- testTreeSerialization -->
      </class> <!-- de.learnlib.algorithm.aaar.generic.GenericAAARLearnerMealyTest -->
    </test> <!-- Surefire test -->
  </suite> <!-- Surefire suite -->
</testng-results>
