<?xml version="1.0" encoding="UTF-8"?>
<!-- Generated by org.testng.reporters.JUnitXMLReporter -->
<testsuite ignored="0" hostname="asus" failures="0" tests="8" name="Surefire test" time="0.187" errors="0" timestamp="2025-05-04T15:12:39 CEST">
  <testcase classname="de.learnlib.algorithm.procedural.sba.ATManagerTest" name="testScanning" time="0.013"/>
  <testcase classname="de.learnlib.algorithm.procedural.sba.ATManagerTest" name="testScanning" time="0.001"/>
  <testcase classname="de.learnlib.algorithm.procedural.sba.OptimizationsTest" name="testOptimizations" time="0.08"/>
  <testcase classname="de.learnlib.algorithm.procedural.spa.ATRManagerTest" name="testScanning" time="0.0"/>
  <testcase classname="de.learnlib.algorithm.procedural.spa.ATRManagerTest" name="testScanning" time="0.0"/>
  <testcase classname="de.learnlib.algorithm.procedural.spmm.ATManagerTest" name="testScanning" time="0.001"/>
  <testcase classname="de.learnlib.algorithm.procedural.spmm.ATManagerTest" name="testScanning" time="0.001"/>
  <testcase classname="de.learnlib.algorithm.procedural.spmm.OptimizationsTest" name="testOptimizations" time="0.044"/>
</testsuite> <!-- Surefire test -->
