<?xml version="1.0" encoding="UTF-8"?>
<!-- Generated by org.testng.reporters.JUnitXMLReporter -->
<testsuite ignored="0" hostname="asus" failures="0" tests="2" name="Surefire test" time="0.063" errors="0" timestamp="2025-05-04T15:12:20 CEST">
  <testcase classname="de.learnlib.setting.LearnLibSettingsTest" name="testAutomataLibProperties" time="0.02"/>
  <testcase classname="de.learnlib.setting.LearnLibSettingsTest" name="testLearnLibProperties" time="0.004"/>
</testsuite> <!-- Surefire test -->
