<?xml version="1.0" encoding="UTF-8"?>
<testng-results ignored="0" total="4" passed="4" failed="0" skipped="0">
  <reporter-output>
  </reporter-output>
  <suite started-at="2025-05-04T15:11:50 CEST" name="Surefire suite" finished-at="2025-05-04T15:11:51 CEST" duration-ms="1490">
    <groups>
    </groups>
    <test started-at="2025-05-04T15:11:50 CEST" name="Surefire test" finished-at="2025-05-04T15:11:51 CEST" duration-ms="1490">
      <class name="de.learnlib.example.dfa.DFAExamplesTest">
        <test-method signature="testPeterson2()[pri:0, instance:de.learnlib.example.dfa.DFAExamplesTest@6c779568]" started-at="2025-05-04T15:11:50 CEST" name="testPeterson2" finished-at="2025-05-04T15:11:50 CEST" duration-ms="58" status="PASS">
          <reporter-output>
          </reporter-output>
        </test-method> <!-- testPeterson2 -->
        <test-method signature="testPeterson3()[pri:0, instance:de.learnlib.example.dfa.DFAExamplesTest@6c779568]" started-at="2025-05-04T15:11:50 CEST" name="testPeterson3" finished-at="2025-05-04T15:11:50 CEST" duration-ms="120" status="PASS">
          <reporter-output>
          </reporter-output>
        </test-method> <!-- testPeterson3 -->
        <test-method signature="testPots2()[pri:0, instance:de.learnlib.example.dfa.DFAExamplesTest@6c779568]" started-at="2025-05-04T15:11:50 CEST" name="testPots2" finished-at="2025-05-04T15:11:50 CEST" duration-ms="16" status="PASS">
          <reporter-output>
          </reporter-output>
        </test-method> <!-- testPots2 -->
        <test-method signature="testPots3()[pri:0, instance:de.learnlib.example.dfa.DFAExamplesTest@6c779568]" started-at="2025-05-04T15:11:50 CEST" name="testPots3" finished-at="2025-05-04T15:11:51 CEST" duration-ms="1255" status="PASS">
          <reporter-output>
          </reporter-output>
        </test-method> <!-- testPots3 -->
      </class> <!-- de.learnlib.example.dfa.DFAExamplesTest -->
    </test> <!-- Surefire test -->
  </suite> <!-- Surefire suite -->
</testng-results>
