<?xml version="1.0" encoding="UTF-8"?>
<testng-results ignored="0" total="15" passed="15" failed="0" skipped="0">
  <reporter-output>
  </reporter-output>
  <suite started-at="2025-05-04T15:12:01 CEST" name="Surefire suite" finished-at="2025-05-04T15:12:02 CEST" duration-ms="93">
    <groups>
    </groups>
    <test started-at="2025-05-04T15:12:01 CEST" name="Surefire test" finished-at="2025-05-04T15:12:02 CEST" duration-ms="93">
      <class name="de.learnlib.datastructure.observationtable.writer.ObservationTableWriterTest">
        <test-method signature="testWriteASCII()[pri:0, instance:de.learnlib.datastructure.observationtable.writer.ObservationTableWriterTest@50ad3bc1]" started-at="2025-05-04T15:12:02 CEST" name="testWriteASCII" finished-at="2025-05-04T15:12:02 CEST" duration-ms="5" status="PASS">
          <reporter-output>
          </reporter-output>
        </test-method> <!-- testWriteASCII -->
        <test-method signature="testWriteHTML()[pri:0, instance:de.learnlib.datastructure.observationtable.writer.ObservationTableWriterTest@50ad3bc1]" started-at="2025-05-04T15:12:02 CEST" name="testWriteHTML" finished-at="2025-05-04T15:12:02 CEST" duration-ms="2" status="PASS">
          <reporter-output>
          </reporter-output>
        </test-method> <!-- testWriteHTML -->
      </class> <!-- de.learnlib.datastructure.observationtable.writer.ObservationTableWriterTest -->
      <class name="de.learnlib.datastructure.discriminationtree.VisualizationTest">
        <test-method signature="testVisualization()[pri:0, instance:de.learnlib.datastructure.discriminationtree.VisualizationTest@6a84a97d]" started-at="2025-05-04T15:12:02 CEST" name="testVisualization" finished-at="2025-05-04T15:12:02 CEST" duration-ms="5" status="PASS">
          <reporter-output>
          </reporter-output>
        </test-method> <!-- testVisualization -->
      </class> <!-- de.learnlib.datastructure.discriminationtree.VisualizationTest -->
      <class name="de.learnlib.datastructure.observationtable.writer.SuffixASCIIWriterTest">
        <test-method signature="testDelimiterInNames()[pri:0, instance:de.learnlib.datastructure.observationtable.writer.SuffixASCIIWriterTest@223aa2f7]" started-at="2025-05-04T15:12:02 CEST" name="testDelimiterInNames" finished-at="2025-05-04T15:12:02 CEST" duration-ms="2" status="PASS">
          <exception class="java.lang.IllegalArgumentException">
            <message>
              <![CDATA[Symbol 'A,' must not contain delimiters ',' or ';']]>
            </message>
            <full-stacktrace>
              <![CDATA[java.lang.IllegalArgumentException: Symbol 'A,' must not contain delimiters ',' or ';'
at de.learnlib.datastructure@0.19.0-SNAPSHOT/de.learnlib.datastructure.observationtable.writer.SuffixASCIIWriter.lambda$static$0(SuffixASCIIWriter.java:53)
at de.learnlib.datastructure@0.19.0-SNAPSHOT/de.learnlib.datastructure.observationtable.writer.AbstractObservationTableWriter.wordToString(AbstractObservationTableWriter.java:46)
at de.learnlib.datastructure@0.19.0-SNAPSHOT/de.learnlib.datastructure.observationtable.writer.SuffixASCIIWriter.write(SuffixASCIIWriter.java:82)
at de.learnlib.datastructure@0.19.0-SNAPSHOT/de.learnlib.datastructure.observationtable.writer.ObservationTableWriter.write(ObservationTableWriter.java:40)
at de.learnlib.datastructure@0.19.0-SNAPSHOT/de.learnlib.datastructure.observationtable.OTUtils.toString(OTUtils.java:55)
at de.learnlib.datastructure@0.19.0-SNAPSHOT/de.learnlib.datastructure.observationtable.writer.SuffixASCIIWriterTest.testDelimiterInNames(SuffixASCIIWriterTest.java:41)
at java.base/jdk.internal.reflect.NativeMethodAccessorImpl.invoke0(Native Method)
at java.base/jdk.internal.reflect.NativeMethodAccessorImpl.invoke(NativeMethodAccessorImpl.java:77)
at java.base/jdk.internal.reflect.DelegatingMethodAccessorImpl.invoke(DelegatingMethodAccessorImpl.java:43)
at java.base/java.lang.reflect.Method.invoke(Method.java:569)
at org.testng.internal.invokers.MethodInvocationHelper.invokeMethod(MethodInvocationHelper.java:141)
at org.testng.internal.invokers.TestInvoker.invokeMethod(TestInvoker.java:686)
at org.testng.internal.invokers.TestInvoker.invokeTestMethod(TestInvoker.java:230)
at org.testng.internal.invokers.MethodRunner.runInSequence(MethodRunner.java:63)
at org.testng.internal.invokers.TestInvoker$MethodInvocationAgent.invoke(TestInvoker.java:992)
at org.testng.internal.invokers.TestInvoker.invokeTestMethods(TestInvoker.java:203)
at org.testng.internal.invokers.TestMethodWorker.invokeTestMethods(TestMethodWorker.java:154)
at org.testng.internal.invokers.TestMethodWorker.run(TestMethodWorker.java:134)
at java.base/java.util.ArrayList.forEach(ArrayList.java:1511)
at org.testng.TestRunner.privateRun(TestRunner.java:739)
at org.testng.TestRunner.run(TestRunner.java:614)
at org.testng.SuiteRunner.runTest(SuiteRunner.java:421)
at org.testng.SuiteRunner.runSequentially(SuiteRunner.java:413)
at org.testng.SuiteRunner.privateRun(SuiteRunner.java:373)
at org.testng.SuiteRunner.run(SuiteRunner.java:312)
at org.testng.SuiteRunnerWorker.runSuite(SuiteRunnerWorker.java:52)
at org.testng.SuiteRunnerWorker.run(SuiteRunnerWorker.java:95)
at org.testng.TestNG.runSuitesSequentially(TestNG.java:1274)
at org.testng.TestNG.runSuitesLocally(TestNG.java:1208)
at org.testng.TestNG.runSuites(TestNG.java:1112)
at org.testng.TestNG.run(TestNG.java:1079)
at org.apache.maven.surefire.testng.TestNGExecutor.run(TestNGExecutor.java:155)
at org.apache.maven.surefire.testng.TestNGDirectoryTestSuite.executeMulti(TestNGDirectoryTestSuite.java:169)
at org.apache.maven.surefire.testng.TestNGDirectoryTestSuite.execute(TestNGDirectoryTestSuite.java:88)
at org.apache.maven.surefire.testng.TestNGProvider.invoke(TestNGProvider.java:137)
at org.apache.maven.surefire.booter.ForkedBooter.runSuitesInProcess(ForkedBooter.java:385)
at org.apache.maven.surefire.booter.ForkedBooter.execute(ForkedBooter.java:162)
at org.apache.maven.surefire.booter.ForkedBooter.run(ForkedBooter.java:507)
at org.apache.maven.surefire.booter.ForkedBooter.main(ForkedBooter.java:495)
]]>
            </full-stacktrace>
          </exception> <!-- java.lang.IllegalArgumentException -->
          <reporter-output>
          </reporter-output>
        </test-method> <!-- testDelimiterInNames -->
        <test-method signature="testRead()[pri:0, instance:de.learnlib.datastructure.observationtable.writer.SuffixASCIIWriterTest@223aa2f7]" started-at="2025-05-04T15:12:02 CEST" name="testRead" finished-at="2025-05-04T15:12:02 CEST" duration-ms="5" status="PASS">
          <reporter-output>
          </reporter-output>
        </test-method> <!-- testRead -->
        <test-method signature="testWrite()[pri:0, instance:de.learnlib.datastructure.observationtable.writer.SuffixASCIIWriterTest@223aa2f7]" started-at="2025-05-04T15:12:02 CEST" name="testWrite" finished-at="2025-05-04T15:12:02 CEST" duration-ms="1" status="PASS">
          <reporter-output>
          </reporter-output>
        </test-method> <!-- testWrite -->
      </class> <!-- de.learnlib.datastructure.observationtable.writer.SuffixASCIIWriterTest -->
      <class name="de.learnlib.datastructure.pta.MergedAutomatonTest">
        <test-method signature="testMerge()[pri:0, instance:de.learnlib.datastructure.pta.MergedAutomatonTest@15bb5034]" started-at="2025-05-04T15:12:02 CEST" name="testMerge" finished-at="2025-05-04T15:12:02 CEST" duration-ms="3" status="PASS">
          <reporter-output>
          </reporter-output>
        </test-method> <!-- testMerge -->
        <test-method signature="testTraversalWithProperties()[pri:0, instance:de.learnlib.datastructure.pta.MergedAutomatonTest@15bb5034]" started-at="2025-05-04T15:12:02 CEST" name="testTraversalWithProperties" finished-at="2025-05-04T15:12:02 CEST" duration-ms="3" status="PASS">
          <reporter-output>
          </reporter-output>
        </test-method> <!-- testTraversalWithProperties -->
      </class> <!-- de.learnlib.datastructure.pta.MergedAutomatonTest -->
      <class name="de.learnlib.datastructure.discriminationtree.LCATest">
        <test-method signature="testLCA()[pri:0, instance:de.learnlib.datastructure.discriminationtree.LCATest@27ff5d15]" started-at="2025-05-04T15:12:01 CEST" name="testLCA" finished-at="2025-05-04T15:12:02 CEST" duration-ms="9" status="PASS">
          <reporter-output>
          </reporter-output>
        </test-method> <!-- testLCA -->
      </class> <!-- de.learnlib.datastructure.discriminationtree.LCATest -->
      <class name="de.learnlib.datastructure.discriminationtree.IteratorsTest">
        <test-method signature="testInnerNodeIterator()[pri:0, instance:de.learnlib.datastructure.discriminationtree.IteratorsTest@6c130c45]" started-at="2025-05-04T15:12:02 CEST" name="testInnerNodeIterator" finished-at="2025-05-04T15:12:02 CEST" duration-ms="2" status="PASS">
          <reporter-output>
          </reporter-output>
        </test-method> <!-- testInnerNodeIterator -->
        <test-method signature="testLeafIterator()[pri:0, instance:de.learnlib.datastructure.discriminationtree.IteratorsTest@6c130c45]" started-at="2025-05-04T15:12:02 CEST" name="testLeafIterator" finished-at="2025-05-04T15:12:02 CEST" duration-ms="1" status="PASS">
          <reporter-output>
          </reporter-output>
        </test-method> <!-- testLeafIterator -->
        <test-method signature="testNodeIterator()[pri:0, instance:de.learnlib.datastructure.discriminationtree.IteratorsTest@6c130c45]" started-at="2025-05-04T15:12:02 CEST" name="testNodeIterator" finished-at="2025-05-04T15:12:02 CEST" duration-ms="0" status="PASS">
          <reporter-output>
          </reporter-output>
        </test-method> <!-- testNodeIterator -->
        <test-method signature="testTransformingLeafIterator()[pri:0, instance:de.learnlib.datastructure.discriminationtree.IteratorsTest@6c130c45]" started-at="2025-05-04T15:12:02 CEST" name="testTransformingLeafIterator" finished-at="2025-05-04T15:12:02 CEST" duration-ms="1" status="PASS">
          <reporter-output>
          </reporter-output>
        </test-method> <!-- testTransformingLeafIterator -->
      </class> <!-- de.learnlib.datastructure.discriminationtree.IteratorsTest -->
      <class name="de.learnlib.datastructure.pta.PTAVisualizationTest">
        <test-method signature="testBasePTA()[pri:0, instance:de.learnlib.datastructure.pta.PTAVisualizationTest@6e9175d8]" started-at="2025-05-04T15:12:02 CEST" name="testBasePTA" finished-at="2025-05-04T15:12:02 CEST" duration-ms="4" status="PASS">
          <reporter-output>
          </reporter-output>
        </test-method> <!-- testBasePTA -->
        <test-method signature="testPromotedPTA()[pri:0, instance:de.learnlib.datastructure.pta.PTAVisualizationTest@6e9175d8]" started-at="2025-05-04T15:12:02 CEST" name="testPromotedPTA" finished-at="2025-05-04T15:12:02 CEST" depends-on-methods="de.learnlib.datastructure.pta.PTAVisualizationTest.testBasePTA" duration-ms="2" status="PASS">
          <reporter-output>
          </reporter-output>
        </test-method> <!-- testPromotedPTA -->
      </class> <!-- de.learnlib.datastructure.pta.PTAVisualizationTest -->
    </test> <!-- Surefire test -->
  </suite> <!-- Surefire suite -->
</testng-results>
