<?xml version="1.0" encoding="UTF-8"?>
<!-- Generated by org.testng.reporters.JUnitXMLReporter -->
<testsuite ignored="0" hostname="asus" failures="0" tests="4" name="Surefire test" time="0.091" errors="0" timestamp="2025-05-04T15:12:42 CEST">
  <testcase classname="de.learnlib.algorithm.rpni.EDSMScoreTest" name="testFinalHypothesis" time="0.035"/>
  <testcase classname="de.learnlib.algorithm.rpni.EDSMScoreTest" name="testValue" time="0.002"/>
  <testcase classname="de.learnlib.algorithm.rpni.MDLScoreTest" name="testFinalHypothesis" time="0.004"/>
  <testcase classname="de.learnlib.algorithm.rpni.MDLScoreTest" name="testPTAValue" time="0.0"/>
</testsuite> <!-- Surefire test -->
