<?xml version="1.0" encoding="UTF-8"?>
<testng-results ignored="0" total="5" passed="5" failed="0" skipped="0">
  <reporter-output>
  </reporter-output>
  <suite started-at="2025-05-04T15:12:30 CEST" name="Surefire suite" finished-at="2025-05-04T15:12:31 CEST" duration-ms="1033">
    <groups>
    </groups>
    <test started-at="2025-05-04T15:12:30 CEST" name="Surefire test" finished-at="2025-05-04T15:12:31 CEST" duration-ms="1033">
      <class name="de.learnlib.algorithm.adt.learner.ADTResumableLearnerTest">
        <test-method is-config="true" signature="setup()[pri:0, instance:de.learnlib.algorithm.adt.learner.ADTResumableLearnerTest@2bec854f]" started-at="2025-05-04T15:12:30 CEST" name="setup" finished-at="2025-05-04T15:12:30 CEST" duration-ms="2" status="PASS">
          <reporter-output>
          </reporter-output>
        </test-method> <!-- setup -->
        <test-method signature="testSuspendAndResumeLearner()[pri:0, instance:de.learnlib.algorithm.adt.learner.ADTResumableLearnerTest@2bec854f]" started-at="2025-05-04T15:12:30 CEST" name="testSuspendAndResumeLearner" finished-at="2025-05-04T15:12:31 CEST" duration-ms="953" status="PASS">
          <reporter-output>
          </reporter-output>
        </test-method> <!-- testSuspendAndResumeLearner -->
      </class> <!-- de.learnlib.algorithm.adt.learner.ADTResumableLearnerTest -->
      <class name="de.learnlib.algorithm.adt.learner.ADTGrowingAlphabetTest">
        <test-method is-config="true" signature="setup()[pri:0, instance:de.learnlib.algorithm.adt.learner.ADTGrowingAlphabetTest@53ce1329]" started-at="2025-05-04T15:12:30 CEST" name="setup" finished-at="2025-05-04T15:12:30 CEST" duration-ms="15" status="PASS">
          <reporter-output>
          </reporter-output>
        </test-method> <!-- setup -->
        <test-method signature="testGrowingAlphabet()[pri:0, instance:de.learnlib.algorithm.adt.learner.ADTGrowingAlphabetTest@53ce1329]" started-at="2025-05-04T15:12:30 CEST" name="testGrowingAlphabet" finished-at="2025-05-04T15:12:30 CEST" duration-ms="18" status="PASS">
          <reporter-output>
          </reporter-output>
        </test-method> <!-- testGrowingAlphabet -->
        <test-method signature="testInitialAlphabet()[pri:0, instance:de.learnlib.algorithm.adt.learner.ADTGrowingAlphabetTest@53ce1329]" started-at="2025-05-04T15:12:30 CEST" name="testInitialAlphabet" finished-at="2025-05-04T15:12:30 CEST" duration-ms="0" status="PASS">
          <exception class="net.automatalib.exception.GrowingAlphabetNotSupportedException">
            <message>
              <![CDATA[The alphabet '[1, 2, 3, 4, 5]' does not support growing]]>
            </message>
            <full-stacktrace>
              <![CDATA[net.automatalib.exception.GrowingAlphabetNotSupportedException: The alphabet '[1, 2, 3, 4, 5]' does not support growing
at net.automatalib.api@0.12.0/net.automatalib.alphabet.Alphabet.asGrowingAlphabetOrThrowException(Alphabet.java:131)
at de.learnlib.algorithm.adt@0.19.0-SNAPSHOT/de.learnlib.algorithm.adt.learner.ADTLearner.addAlphabetSymbol(ADTLearner.java:416)
at de.learnlib.testsupport.AbstractGrowingAlphabetTest.testAlphabet(AbstractGrowingAlphabetTest.java:103)
at de.learnlib.testsupport.AbstractGrowingAlphabetTest.testInitialAlphabet(AbstractGrowingAlphabetTest.java:84)
at java.base/jdk.internal.reflect.NativeMethodAccessorImpl.invoke0(Native Method)
at java.base/jdk.internal.reflect.NativeMethodAccessorImpl.invoke(NativeMethodAccessorImpl.java:77)
at java.base/jdk.internal.reflect.DelegatingMethodAccessorImpl.invoke(DelegatingMethodAccessorImpl.java:43)
at java.base/java.lang.reflect.Method.invoke(Method.java:569)
at org.testng.internal.invokers.MethodInvocationHelper.invokeMethod(MethodInvocationHelper.java:141)
at org.testng.internal.invokers.TestInvoker.invokeMethod(TestInvoker.java:686)
at org.testng.internal.invokers.TestInvoker.invokeTestMethod(TestInvoker.java:230)
at org.testng.internal.invokers.MethodRunner.runInSequence(MethodRunner.java:63)
at org.testng.internal.invokers.TestInvoker$MethodInvocationAgent.invoke(TestInvoker.java:992)
at org.testng.internal.invokers.TestInvoker.invokeTestMethods(TestInvoker.java:203)
at org.testng.internal.invokers.TestMethodWorker.invokeTestMethods(TestMethodWorker.java:154)
at org.testng.internal.invokers.TestMethodWorker.run(TestMethodWorker.java:134)
at java.base/java.util.ArrayList.forEach(ArrayList.java:1511)
at org.testng.TestRunner.privateRun(TestRunner.java:739)
at org.testng.TestRunner.run(TestRunner.java:614)
at org.testng.SuiteRunner.runTest(SuiteRunner.java:421)
at org.testng.SuiteRunner.runSequentially(SuiteRunner.java:413)
at org.testng.SuiteRunner.privateRun(SuiteRunner.java:373)
at org.testng.SuiteRunner.run(SuiteRunner.java:312)
at org.testng.SuiteRunnerWorker.runSuite(SuiteRunnerWorker.java:52)
at org.testng.SuiteRunnerWorker.run(SuiteRunnerWorker.java:95)
at org.testng.TestNG.runSuitesSequentially(TestNG.java:1274)
at org.testng.TestNG.runSuitesLocally(TestNG.java:1208)
at org.testng.TestNG.runSuites(TestNG.java:1112)
at org.testng.TestNG.run(TestNG.java:1079)
at org.apache.maven.surefire.testng.TestNGExecutor.run(TestNGExecutor.java:155)
at org.apache.maven.surefire.testng.TestNGDirectoryTestSuite.executeMulti(TestNGDirectoryTestSuite.java:169)
at org.apache.maven.surefire.testng.TestNGDirectoryTestSuite.execute(TestNGDirectoryTestSuite.java:88)
at org.apache.maven.surefire.testng.TestNGProvider.invoke(TestNGProvider.java:137)
at org.apache.maven.surefire.booter.ForkedBooter.runSuitesInProcess(ForkedBooter.java:385)
at org.apache.maven.surefire.booter.ForkedBooter.execute(ForkedBooter.java:162)
at org.apache.maven.surefire.booter.ForkedBooter.run(ForkedBooter.java:507)
at org.apache.maven.surefire.booter.ForkedBooter.main(ForkedBooter.java:495)
]]>
            </full-stacktrace>
          </exception> <!-- net.automatalib.exception.GrowingAlphabetNotSupportedException -->
          <reporter-output>
          </reporter-output>
        </test-method> <!-- testInitialAlphabet -->
      </class> <!-- de.learnlib.algorithm.adt.learner.ADTGrowingAlphabetTest -->
      <class name="de.learnlib.algorithm.adt.learner.ADTVisualizationTest">
        <test-method signature="testVisualization()[pri:0, instance:de.learnlib.algorithm.adt.learner.ADTVisualizationTest@16c069df]" started-at="2025-05-04T15:12:30 CEST" name="testVisualization" finished-at="2025-05-04T15:12:30 CEST" duration-ms="5" status="PASS">
          <reporter-output>
          </reporter-output>
        </test-method> <!-- testVisualization -->
      </class> <!-- de.learnlib.algorithm.adt.learner.ADTVisualizationTest -->
      <class name="de.learnlib.algorithm.adt.automaton.ADTHypothesisTest">
        <test-method signature="testAutomaton()[pri:0, instance:de.learnlib.algorithm.adt.automaton.ADTHypothesisTest@31edaa7d]" started-at="2025-05-04T15:12:31 CEST" name="testAutomaton" finished-at="2025-05-04T15:12:31 CEST" duration-ms="2" status="PASS">
          <reporter-output>
          </reporter-output>
        </test-method> <!-- testAutomaton -->
      </class> <!-- de.learnlib.algorithm.adt.automaton.ADTHypothesisTest -->
    </test> <!-- Surefire test -->
  </suite> <!-- Surefire suite -->
</testng-results>
