<?xml version="1.0" encoding="UTF-8"?>
<testng-results ignored="0" total="2" passed="2" failed="0" skipped="0">
  <reporter-output>
  </reporter-output>
  <suite started-at="2025-05-04T15:12:38 CEST" name="Surefire suite" finished-at="2025-05-04T15:12:38 CEST" duration-ms="57">
    <groups>
    </groups>
    <test started-at="2025-05-04T15:12:38 CEST" name="Surefire test" finished-at="2025-05-04T15:12:38 CEST" duration-ms="57">
      <class name="de.learnlib.algorithm.observationpack.vpa.DTVisualizationTest">
        <test-method signature="testVisualizeDT()[pri:0, instance:de.learnlib.algorithm.observationpack.vpa.DTVisualizationTest@221a3fa4]" started-at="2025-05-04T15:12:38 CEST" name="testVisualizeDT" finished-at="2025-05-04T15:12:38 CEST" duration-ms="13" status="PASS">
          <reporter-output>
          </reporter-output>
        </test-method> <!-- testVisualizeDT -->
        <test-method signature="testVisualizeHyp()[pri:0, instance:de.learnlib.algorithm.observationpack.vpa.DTVisualizationTest@221a3fa4]" started-at="2025-05-04T15:12:38 CEST" name="testVisualizeHyp" finished-at="2025-05-04T15:12:38 CEST" duration-ms="11" status="PASS">
          <reporter-output>
          </reporter-output>
        </test-method> <!-- testVisualizeHyp -->
      </class> <!-- de.learnlib.algorithm.observationpack.vpa.DTVisualizationTest -->
    </test> <!-- Surefire test -->
  </suite> <!-- Surefire suite -->
</testng-results>
