<?xml version="1.0" encoding="UTF-8"?>
<testng-results ignored="0" total="8" passed="8" failed="0" skipped="0">
  <reporter-output>
  </reporter-output>
  <suite started-at="2025-05-04T15:12:39 CEST" name="Surefire suite" finished-at="2025-05-04T15:12:39 CEST" duration-ms="187">
    <groups>
    </groups>
    <test started-at="2025-05-04T15:12:39 CEST" name="Surefire test" finished-at="2025-05-04T15:12:39 CEST" duration-ms="187">
      <class name="de.learnlib.algorithm.procedural.spmm.OptimizationsTest">
        <test-method signature="testOptimizations()[pri:0, instance:de.learnlib.algorithm.procedural.spmm.OptimizationsTest@73e22a3d]" started-at="2025-05-04T15:12:39 CEST" name="testOptimizations" finished-at="2025-05-04T15:12:39 CEST" duration-ms="44" status="PASS">
          <reporter-output>
          </reporter-output>
        </test-method> <!-- testOptimizations -->
      </class> <!-- de.learnlib.algorithm.procedural.spmm.OptimizationsTest -->
      <class name="de.learnlib.algorithm.procedural.spmm.ATManagerTest">
        <test-method signature="testScanning(de.learnlib.algorithm.procedural.spmm.ATManager)[pri:0, instance:de.learnlib.algorithm.procedural.spmm.ATManagerTest@3232a28a]" started-at="2025-05-04T15:12:39 CEST" name="testScanning" data-provider="atManager" finished-at="2025-05-04T15:12:39 CEST" duration-ms="1" status="PASS">
          <params>
            <param index="0">
              <value>
                <![CDATA[de.learnlib.algorithm.procedural.spmm.manager.DefaultATManager@7d9e8ef7]]>
              </value>
            </param>
          </params>
          <reporter-output>
          </reporter-output>
        </test-method> <!-- testScanning -->
        <test-method signature="testScanning(de.learnlib.algorithm.procedural.spmm.ATManager)[pri:0, instance:de.learnlib.algorithm.procedural.spmm.ATManagerTest@3232a28a]" started-at="2025-05-04T15:12:39 CEST" name="testScanning" data-provider="atManager" finished-at="2025-05-04T15:12:39 CEST" duration-ms="1" status="PASS">
          <params>
            <param index="0">
              <value>
                <![CDATA[de.learnlib.algorithm.procedural.spmm.manager.OptimizingATManager@51133c06]]>
              </value>
            </param>
          </params>
          <reporter-output>
          </reporter-output>
        </test-method> <!-- testScanning -->
      </class> <!-- de.learnlib.algorithm.procedural.spmm.ATManagerTest -->
      <class name="de.learnlib.algorithm.procedural.spa.ATRManagerTest">
        <test-method signature="testScanning(de.learnlib.algorithm.procedural.spa.ATRManager)[pri:0, instance:de.learnlib.algorithm.procedural.spa.ATRManagerTest@7133da86]" started-at="2025-05-04T15:12:39 CEST" name="testScanning" data-provider="atrManager" finished-at="2025-05-04T15:12:39 CEST" duration-ms="0" status="PASS">
          <params>
            <param index="0">
              <value>
                <![CDATA[de.learnlib.algorithm.procedural.spa.manager.DefaultATRManager@45a37759]]>
              </value>
            </param>
          </params>
          <reporter-output>
          </reporter-output>
        </test-method> <!-- testScanning -->
        <test-method signature="testScanning(de.learnlib.algorithm.procedural.spa.ATRManager)[pri:0, instance:de.learnlib.algorithm.procedural.spa.ATRManagerTest@7133da86]" started-at="2025-05-04T15:12:39 CEST" name="testScanning" data-provider="atrManager" finished-at="2025-05-04T15:12:39 CEST" duration-ms="0" status="PASS">
          <params>
            <param index="0">
              <value>
                <![CDATA[de.learnlib.algorithm.procedural.spa.manager.OptimizingATRManager@20ca951f]]>
              </value>
            </param>
          </params>
          <reporter-output>
          </reporter-output>
        </test-method> <!-- testScanning -->
      </class> <!-- de.learnlib.algorithm.procedural.spa.ATRManagerTest -->
      <class name="de.learnlib.algorithm.procedural.sba.OptimizationsTest">
        <test-method signature="testOptimizations()[pri:0, instance:de.learnlib.algorithm.procedural.sba.OptimizationsTest@4d0f2471]" started-at="2025-05-04T15:12:39 CEST" name="testOptimizations" finished-at="2025-05-04T15:12:39 CEST" duration-ms="80" status="PASS">
          <reporter-output>
          </reporter-output>
        </test-method> <!-- testOptimizations -->
      </class> <!-- de.learnlib.algorithm.procedural.sba.OptimizationsTest -->
      <class name="de.learnlib.algorithm.procedural.sba.ATManagerTest">
        <test-method signature="testScanning(de.learnlib.algorithm.procedural.sba.ATManager)[pri:0, instance:de.learnlib.algorithm.procedural.sba.ATManagerTest@fba92d3]" started-at="2025-05-04T15:12:39 CEST" name="testScanning" data-provider="atManager" finished-at="2025-05-04T15:12:39 CEST" duration-ms="13" status="PASS">
          <params>
            <param index="0">
              <value>
                <![CDATA[de.learnlib.algorithm.procedural.sba.manager.DefaultATManager@4a003cbe]]>
              </value>
            </param>
          </params>
          <reporter-output>
          </reporter-output>
        </test-method> <!-- testScanning -->
        <test-method signature="testScanning(de.learnlib.algorithm.procedural.sba.ATManager)[pri:0, instance:de.learnlib.algorithm.procedural.sba.ATManagerTest@fba92d3]" started-at="2025-05-04T15:12:39 CEST" name="testScanning" data-provider="atManager" finished-at="2025-05-04T15:12:39 CEST" duration-ms="1" status="PASS">
          <params>
            <param index="0">
              <value>
                <![CDATA[de.learnlib.algorithm.procedural.sba.manager.OptimizingATManager@14fc5f04]]>
              </value>
            </param>
          </params>
          <reporter-output>
          </reporter-output>
        </test-method> <!-- testScanning -->
      </class> <!-- de.learnlib.algorithm.procedural.sba.ATManagerTest -->
    </test> <!-- Surefire test -->
  </suite> <!-- Surefire suite -->
</testng-results>
