<?xml version="1.0" encoding="UTF-8"?>
<testsuite xmlns:xsi="http://www.w3.org/2001/XMLSchema-instance" xsi:noNamespaceSchemaLocation="https://maven.apache.org/surefire/maven-surefire-plugin/xsd/surefire-test-report.xsd" version="3.0.2" name="TestSuite" time="1.656" tests="9" errors="0" skipped="0" failures="0">
  <properties>
[...]
</properties>
  <testcase name="testNoopIdempotency" classname="de.learnlib.oracle.membership.SULAdaptiveOracleTest" time="0.932">
    <system-err><![CDATA[SLF4J(W): No SLF4J providers were found.
SLF4J(W): Defaulting to no-operation (NOP) logger implementation
SLF4J(W): See https://www.slf4j.org/codes.html#noProviders for further details.
]]></system-err>
  </testcase>
  <testcase name="testQueries" classname="de.learnlib.oracle.membership.SULAdaptiveOracleTest" time="0.054"/>
  <testcase name="testDeepCopyMealySimulatorOmegaOracle" classname="de.learnlib.oracle.membership.SULOmegaOracleTest" time="0.071"/>
  <testcase name="testForkableMealySimulatorOmegaOracle" classname="de.learnlib.oracle.membership.SULOmegaOracleTest" time="0.001"/>
  <testcase name="testOmegaOracleValidation" classname="de.learnlib.oracle.membership.SULOmegaOracleTest" time="0.071"/>
  <testcase name="testDFASimulatorOmegaOracle" classname="de.learnlib.oracle.membership.SimulatorOmegaOracleTest" time="0.01"/>
  <testcase name="testNoopIdempotency" classname="de.learnlib.oracle.membership.StateLocalInputSULAdaptiveOracleTest" time="0.028"/>
  <testcase name="testQueriesAndCleanUp" classname="de.learnlib.oracle.membership.StateLocalInputSULAdaptiveOracleTest" time="0.008"/>
  <testcase name="testDFASimulatorOracle" classname="de.learnlib.oracle.membership.SimulatorOracleTest" time="0.001"/>
</testsuite>