<?xml version="1.0" encoding="UTF-8"?>
<!-- Generated by org.testng.reporters.JUnitXMLReporter -->
<testsuite ignored="0" hostname="asus" failures="0" tests="181" name="Surefire test" time="1.832" errors="0" timestamp="2025-05-04T15:12:23 CEST">
  <testcase classname="de.learnlib.oracle.parallelism.AbstractDynamicParallelOracleTest" name="testDistinctQueries" time="0.026"/>
  <testcase classname="de.learnlib.oracle.parallelism.AbstractDynamicParallelOracleTest" name="testDistinctQueries" time="0.001"/>
  <testcase classname="de.learnlib.oracle.parallelism.AbstractDynamicParallelOracleTest" name="testDuplicateQueries" time="0.002"/>
  <testcase classname="de.learnlib.oracle.parallelism.AbstractDynamicParallelOracleTest" name="testDuplicateQueries" time="0.001"/>
  <testcase classname="de.learnlib.oracle.parallelism.AbstractDynamicParallelOracleTest" name="testEmpty" time="0.0"/>
  <testcase classname="de.learnlib.oracle.parallelism.AbstractDynamicParallelOracleTest" name="testEmpty" time="0.001"/>
  <testcase classname="de.learnlib.oracle.parallelism.AbstractDynamicParallelOracleTest" name="testDistinctQueries" time="0.002"/>
  <testcase classname="de.learnlib.oracle.parallelism.AbstractDynamicParallelOracleTest" name="testDistinctQueries" time="0.002"/>
  <testcase classname="de.learnlib.oracle.parallelism.AbstractDynamicParallelOracleTest" name="testDuplicateQueries" time="0.001"/>
  <testcase classname="de.learnlib.oracle.parallelism.AbstractDynamicParallelOracleTest" name="testDuplicateQueries" time="0.002"/>
  <testcase classname="de.learnlib.oracle.parallelism.AbstractDynamicParallelOracleTest" name="testEmpty" time="0.0"/>
  <testcase classname="de.learnlib.oracle.parallelism.AbstractDynamicParallelOracleTest" name="testEmpty" time="0.0"/>
  <testcase classname="de.learnlib.oracle.parallelism.AbstractDynamicParallelOmegaOracleTest" name="testDistinctQueries" time="0.003"/>
  <testcase classname="de.learnlib.oracle.parallelism.AbstractDynamicParallelOmegaOracleTest" name="testDistinctQueries" time="0.002"/>
  <testcase classname="de.learnlib.oracle.parallelism.AbstractDynamicParallelOmegaOracleTest" name="testDuplicateQueries" time="0.003"/>
  <testcase classname="de.learnlib.oracle.parallelism.AbstractDynamicParallelOmegaOracleTest" name="testDuplicateQueries" time="0.002"/>
  <testcase classname="de.learnlib.oracle.parallelism.AbstractDynamicParallelOmegaOracleTest" name="testEmpty" time="0.001"/>
  <testcase classname="de.learnlib.oracle.parallelism.AbstractDynamicParallelOmegaOracleTest" name="testEmpty" time="0.001"/>
  <testcase classname="de.learnlib.oracle.parallelism.AbstractStaticParallelOracleTest" name="testFullLoad" time="0.007"/>
  <testcase classname="de.learnlib.oracle.parallelism.AbstractStaticParallelOracleTest" name="testFullLoad" time="0.003"/>
  <testcase classname="de.learnlib.oracle.parallelism.AbstractStaticParallelOracleTest" name="testLessThanMin" time="0.0"/>
  <testcase classname="de.learnlib.oracle.parallelism.AbstractStaticParallelOracleTest" name="testLessThanMin" time="0.001"/>
  <testcase classname="de.learnlib.oracle.parallelism.AbstractStaticParallelOracleTest" name="testLessThanSixBatches" time="0.001"/>
  <testcase classname="de.learnlib.oracle.parallelism.AbstractStaticParallelOracleTest" name="testLessThanSixBatches" time="0.002"/>
  <testcase classname="de.learnlib.oracle.parallelism.AbstractStaticParallelOracleTest" name="testLessThanTwoBatches" time="0.001"/>
  <testcase classname="de.learnlib.oracle.parallelism.AbstractStaticParallelOracleTest" name="testLessThanTwoBatches" time="0.0"/>
  <testcase classname="de.learnlib.oracle.parallelism.AbstractStaticParallelOracleTest" name="testMin" time="0.0"/>
  <testcase classname="de.learnlib.oracle.parallelism.AbstractStaticParallelOracleTest" name="testMin" time="0.001"/>
  <testcase classname="de.learnlib.oracle.parallelism.AbstractStaticParallelOracleTest" name="testZeroQueries" time="0.001"/>
  <testcase classname="de.learnlib.oracle.parallelism.AbstractStaticParallelOracleTest" name="testZeroQueries" time="0.001"/>
  <testcase classname="de.learnlib.oracle.parallelism.AbstractDynamicParallelOmegaOracleTest" name="testDistinctQueries" time="0.001"/>
  <testcase classname="de.learnlib.oracle.parallelism.AbstractDynamicParallelOmegaOracleTest" name="testDistinctQueries" time="0.001"/>
  <testcase classname="de.learnlib.oracle.parallelism.AbstractDynamicParallelOmegaOracleTest" name="testDuplicateQueries" time="0.001"/>
  <testcase classname="de.learnlib.oracle.parallelism.AbstractDynamicParallelOmegaOracleTest" name="testDuplicateQueries" time="0.001"/>
  <testcase classname="de.learnlib.oracle.parallelism.AbstractDynamicParallelOmegaOracleTest" name="testEmpty" time="0.001"/>
  <testcase classname="de.learnlib.oracle.parallelism.AbstractDynamicParallelOmegaOracleTest" name="testEmpty" time="0.0"/>
  <testcase classname="de.learnlib.oracle.parallelism.DynamicParallelOmegaOracleTest" name="testSingleMethods" time="0.002"/>
  <testcase classname="de.learnlib.oracle.parallelism.DynamicParallelOmegaOracleTest" name="testThreadCreation" time="0.004"/>
  <testcase classname="de.learnlib.oracle.parallelism.DynamicParallelOmegaOracleTest" name="testThreadCreation" time="0.002"/>
  <testcase classname="de.learnlib.oracle.parallelism.DynamicParallelOmegaOracleTest" name="testThreadScheduling" time="0.001"/>
  <testcase classname="de.learnlib.oracle.parallelism.DynamicParallelOmegaOracleTest" name="testThreadScheduling" time="0.001"/>
  <testcase classname="de.learnlib.oracle.parallelism.AbstractStaticParallelAdaptiveOracleTest" name="testFullLoad" time="0.009"/>
  <testcase classname="de.learnlib.oracle.parallelism.AbstractStaticParallelAdaptiveOracleTest" name="testFullLoad" time="0.006"/>
  <testcase classname="de.learnlib.oracle.parallelism.AbstractStaticParallelAdaptiveOracleTest" name="testLessThanMin" time="0.001"/>
  <testcase classname="de.learnlib.oracle.parallelism.AbstractStaticParallelAdaptiveOracleTest" name="testLessThanMin" time="0.001"/>
  <testcase classname="de.learnlib.oracle.parallelism.AbstractStaticParallelAdaptiveOracleTest" name="testLessThanSixBatches" time="0.001"/>
  <testcase classname="de.learnlib.oracle.parallelism.AbstractStaticParallelAdaptiveOracleTest" name="testLessThanSixBatches" time="0.003"/>
  <testcase classname="de.learnlib.oracle.parallelism.AbstractStaticParallelAdaptiveOracleTest" name="testLessThanTwoBatches" time="0.001"/>
  <testcase classname="de.learnlib.oracle.parallelism.AbstractStaticParallelAdaptiveOracleTest" name="testLessThanTwoBatches" time="0.001"/>
  <testcase classname="de.learnlib.oracle.parallelism.AbstractStaticParallelAdaptiveOracleTest" name="testMin" time="0.0"/>
  <testcase classname="de.learnlib.oracle.parallelism.AbstractStaticParallelAdaptiveOracleTest" name="testMin" time="0.0"/>
  <testcase classname="de.learnlib.oracle.parallelism.AbstractStaticParallelAdaptiveOracleTest" name="testZeroQueries" time="0.0"/>
  <testcase classname="de.learnlib.oracle.parallelism.AbstractStaticParallelAdaptiveOracleTest" name="testZeroQueries" time="0.0"/>
  <testcase classname="de.learnlib.oracle.parallelism.SettingsTest" name="testDefaults" time="0.0"/>
  <testcase classname="de.learnlib.oracle.parallelism.AbstractDynamicParallelOracleTest" name="testDistinctQueries" time="0.002"/>
  <testcase classname="de.learnlib.oracle.parallelism.AbstractDynamicParallelOracleTest" name="testDistinctQueries" time="0.001"/>
  <testcase classname="de.learnlib.oracle.parallelism.AbstractDynamicParallelOracleTest" name="testDuplicateQueries" time="0.001"/>
  <testcase classname="de.learnlib.oracle.parallelism.AbstractDynamicParallelOracleTest" name="testDuplicateQueries" time="0.001"/>
  <testcase classname="de.learnlib.oracle.parallelism.AbstractDynamicParallelOracleTest" name="testEmpty" time="0.0"/>
  <testcase classname="de.learnlib.oracle.parallelism.AbstractDynamicParallelOracleTest" name="testEmpty" time="0.001"/>
  <testcase classname="de.learnlib.oracle.parallelism.AbstractDynamicParallelAdaptiveOracleTest" name="testDistinctQueries" time="0.002"/>
  <testcase classname="de.learnlib.oracle.parallelism.AbstractDynamicParallelAdaptiveOracleTest" name="testDistinctQueries" time="0.001"/>
  <testcase classname="de.learnlib.oracle.parallelism.AbstractDynamicParallelAdaptiveOracleTest" name="testDuplicateQueries" time="0.001"/>
  <testcase classname="de.learnlib.oracle.parallelism.AbstractDynamicParallelAdaptiveOracleTest" name="testDuplicateQueries" time="0.001"/>
  <testcase classname="de.learnlib.oracle.parallelism.AbstractDynamicParallelAdaptiveOracleTest" name="testEmpty" time="0.0"/>
  <testcase classname="de.learnlib.oracle.parallelism.AbstractDynamicParallelAdaptiveOracleTest" name="testEmpty" time="0.001"/>
  <testcase classname="de.learnlib.oracle.parallelism.DynamicParallelAdaptiveOracleTest" name="testThreadCreation" time="0.002"/>
  <testcase classname="de.learnlib.oracle.parallelism.DynamicParallelAdaptiveOracleTest" name="testThreadCreation" time="0.001"/>
  <testcase classname="de.learnlib.oracle.parallelism.DynamicParallelAdaptiveOracleTest" name="testThreadScheduling" time="0.001"/>
  <testcase classname="de.learnlib.oracle.parallelism.DynamicParallelAdaptiveOracleTest" name="testThreadScheduling" time="0.0"/>
  <testcase classname="de.learnlib.oracle.parallelism.DynamicParallelOracleBuilderTest" name="testEmptyInputs" time="0.001"/>
  <testcase classname="de.learnlib.oracle.parallelism.AbstractDynamicParallelOracleTest" name="testDistinctQueries" time="0.001"/>
  <testcase classname="de.learnlib.oracle.parallelism.AbstractDynamicParallelOracleTest" name="testDistinctQueries" time="0.001"/>
  <testcase classname="de.learnlib.oracle.parallelism.AbstractDynamicParallelOracleTest" name="testDuplicateQueries" time="0.001"/>
  <testcase classname="de.learnlib.oracle.parallelism.AbstractDynamicParallelOracleTest" name="testDuplicateQueries" time="0.001"/>
  <testcase classname="de.learnlib.oracle.parallelism.AbstractDynamicParallelOracleTest" name="testEmpty" time="0.0"/>
  <testcase classname="de.learnlib.oracle.parallelism.AbstractDynamicParallelOracleTest" name="testEmpty" time="0.001"/>
  <testcase classname="de.learnlib.oracle.parallelism.DynamicParallelOracleTest" name="testCustomExecutorTooManyThreads" time="0.001"/>
  <testcase classname="de.learnlib.oracle.parallelism.DynamicParallelOracleTest" name="testThreadCreation" time="0.002"/>
  <testcase classname="de.learnlib.oracle.parallelism.DynamicParallelOracleTest" name="testThreadCreation" time="0.001"/>
  <testcase classname="de.learnlib.oracle.parallelism.DynamicParallelOracleTest" name="testThreadScheduling" time="0.001"/>
  <testcase classname="de.learnlib.oracle.parallelism.DynamicParallelOracleTest" name="testThreadScheduling" time="0.0"/>
  <testcase classname="de.learnlib.oracle.parallelism.AbstractStaticParallelOmegaOracleTest" name="testFullLoad" time="0.006"/>
  <testcase classname="de.learnlib.oracle.parallelism.AbstractStaticParallelOmegaOracleTest" name="testFullLoad" time="0.003"/>
  <testcase classname="de.learnlib.oracle.parallelism.AbstractStaticParallelOmegaOracleTest" name="testLessThanMin" time="0.001"/>
  <testcase classname="de.learnlib.oracle.parallelism.AbstractStaticParallelOmegaOracleTest" name="testLessThanMin" time="0.0"/>
  <testcase classname="de.learnlib.oracle.parallelism.AbstractStaticParallelOmegaOracleTest" name="testLessThanSixBatches" time="0.001"/>
  <testcase classname="de.learnlib.oracle.parallelism.AbstractStaticParallelOmegaOracleTest" name="testLessThanSixBatches" time="0.001"/>
  <testcase classname="de.learnlib.oracle.parallelism.AbstractStaticParallelOmegaOracleTest" name="testLessThanTwoBatches" time="0.001"/>
  <testcase classname="de.learnlib.oracle.parallelism.AbstractStaticParallelOmegaOracleTest" name="testLessThanTwoBatches" time="0.0"/>
  <testcase classname="de.learnlib.oracle.parallelism.AbstractStaticParallelOmegaOracleTest" name="testMin" time="0.0"/>
  <testcase classname="de.learnlib.oracle.parallelism.AbstractStaticParallelOmegaOracleTest" name="testMin" time="0.0"/>
  <testcase classname="de.learnlib.oracle.parallelism.AbstractStaticParallelOmegaOracleTest" name="testZeroQueries" time="0.0"/>
  <testcase classname="de.learnlib.oracle.parallelism.AbstractStaticParallelOmegaOracleTest" name="testZeroQueries" time="0.0"/>
  <testcase classname="de.learnlib.oracle.parallelism.AbstractStaticParallelOmegaOracleTest" name="testFullLoad" time="0.01"/>
  <testcase classname="de.learnlib.oracle.parallelism.AbstractStaticParallelOmegaOracleTest" name="testFullLoad" time="0.005"/>
  <testcase classname="de.learnlib.oracle.parallelism.AbstractStaticParallelOmegaOracleTest" name="testLessThanMin" time="0.0"/>
  <testcase classname="de.learnlib.oracle.parallelism.AbstractStaticParallelOmegaOracleTest" name="testLessThanMin" time="0.001"/>
  <testcase classname="de.learnlib.oracle.parallelism.AbstractStaticParallelOmegaOracleTest" name="testLessThanSixBatches" time="0.002"/>
  <testcase classname="de.learnlib.oracle.parallelism.AbstractStaticParallelOmegaOracleTest" name="testLessThanSixBatches" time="0.002"/>
  <testcase classname="de.learnlib.oracle.parallelism.AbstractStaticParallelOmegaOracleTest" name="testLessThanTwoBatches" time="0.001"/>
  <testcase classname="de.learnlib.oracle.parallelism.AbstractStaticParallelOmegaOracleTest" name="testLessThanTwoBatches" time="0.001"/>
  <testcase classname="de.learnlib.oracle.parallelism.AbstractStaticParallelOmegaOracleTest" name="testMin" time="0.0"/>
  <testcase classname="de.learnlib.oracle.parallelism.AbstractStaticParallelOmegaOracleTest" name="testMin" time="0.001"/>
  <testcase classname="de.learnlib.oracle.parallelism.AbstractStaticParallelOmegaOracleTest" name="testZeroQueries" time="0.001"/>
  <testcase classname="de.learnlib.oracle.parallelism.AbstractStaticParallelOmegaOracleTest" name="testZeroQueries" time="0.0"/>
  <testcase classname="de.learnlib.oracle.parallelism.AbstractDynamicParallelAdaptiveOracleTest" name="testDistinctQueries" time="0.001"/>
  <testcase classname="de.learnlib.oracle.parallelism.AbstractDynamicParallelAdaptiveOracleTest" name="testDistinctQueries" time="0.001"/>
  <testcase classname="de.learnlib.oracle.parallelism.AbstractDynamicParallelAdaptiveOracleTest" name="testDuplicateQueries" time="0.001"/>
  <testcase classname="de.learnlib.oracle.parallelism.AbstractDynamicParallelAdaptiveOracleTest" name="testDuplicateQueries" time="0.001"/>
  <testcase classname="de.learnlib.oracle.parallelism.AbstractDynamicParallelAdaptiveOracleTest" name="testEmpty" time="0.0"/>
  <testcase classname="de.learnlib.oracle.parallelism.AbstractDynamicParallelAdaptiveOracleTest" name="testEmpty" time="0.0"/>
  <testcase classname="de.learnlib.oracle.parallelism.StaticParallelOracleBuilderTest" name="testEmptyInputs" time="0.001"/>
  <testcase classname="de.learnlib.oracle.parallelism.AbstractStaticParallelOmegaOracleTest" name="testFullLoad" time="0.003"/>
  <testcase classname="de.learnlib.oracle.parallelism.AbstractStaticParallelOmegaOracleTest" name="testFullLoad" time="0.002"/>
  <testcase classname="de.learnlib.oracle.parallelism.AbstractStaticParallelOmegaOracleTest" name="testLessThanMin" time="0.001"/>
  <testcase classname="de.learnlib.oracle.parallelism.AbstractStaticParallelOmegaOracleTest" name="testLessThanMin" time="0.0"/>
  <testcase classname="de.learnlib.oracle.parallelism.AbstractStaticParallelOmegaOracleTest" name="testLessThanSixBatches" time="0.001"/>
  <testcase classname="de.learnlib.oracle.parallelism.AbstractStaticParallelOmegaOracleTest" name="testLessThanSixBatches" time="0.001"/>
  <testcase classname="de.learnlib.oracle.parallelism.AbstractStaticParallelOmegaOracleTest" name="testLessThanTwoBatches" time="0.0"/>
  <testcase classname="de.learnlib.oracle.parallelism.AbstractStaticParallelOmegaOracleTest" name="testLessThanTwoBatches" time="0.0"/>
  <testcase classname="de.learnlib.oracle.parallelism.AbstractStaticParallelOmegaOracleTest" name="testMin" time="0.0"/>
  <testcase classname="de.learnlib.oracle.parallelism.AbstractStaticParallelOmegaOracleTest" name="testMin" time="0.0"/>
  <testcase classname="de.learnlib.oracle.parallelism.AbstractStaticParallelOmegaOracleTest" name="testZeroQueries" time="0.001"/>
  <testcase classname="de.learnlib.oracle.parallelism.AbstractStaticParallelOmegaOracleTest" name="testZeroQueries" time="0.0"/>
  <testcase classname="de.learnlib.oracle.parallelism.StaticParallelOmegaOracleTest" name="testSingleMethods" time="0.001"/>
  <testcase classname="de.learnlib.oracle.parallelism.AbstractStaticParallelAdaptiveOracleTest" name="testFullLoad" time="0.003"/>
  <testcase classname="de.learnlib.oracle.parallelism.AbstractStaticParallelAdaptiveOracleTest" name="testFullLoad" time="0.003"/>
  <testcase classname="de.learnlib.oracle.parallelism.AbstractStaticParallelAdaptiveOracleTest" name="testLessThanMin" time="0.001"/>
  <testcase classname="de.learnlib.oracle.parallelism.AbstractStaticParallelAdaptiveOracleTest" name="testLessThanMin" time="0.0"/>
  <testcase classname="de.learnlib.oracle.parallelism.AbstractStaticParallelAdaptiveOracleTest" name="testLessThanSixBatches" time="0.001"/>
  <testcase classname="de.learnlib.oracle.parallelism.AbstractStaticParallelAdaptiveOracleTest" name="testLessThanSixBatches" time="0.001"/>
  <testcase classname="de.learnlib.oracle.parallelism.AbstractStaticParallelAdaptiveOracleTest" name="testLessThanTwoBatches" time="0.0"/>
  <testcase classname="de.learnlib.oracle.parallelism.AbstractStaticParallelAdaptiveOracleTest" name="testLessThanTwoBatches" time="0.001"/>
  <testcase classname="de.learnlib.oracle.parallelism.AbstractStaticParallelAdaptiveOracleTest" name="testMin" time="0.0"/>
  <testcase classname="de.learnlib.oracle.parallelism.AbstractStaticParallelAdaptiveOracleTest" name="testMin" time="0.0"/>
  <testcase classname="de.learnlib.oracle.parallelism.AbstractStaticParallelAdaptiveOracleTest" name="testZeroQueries" time="0.001"/>
  <testcase classname="de.learnlib.oracle.parallelism.AbstractStaticParallelAdaptiveOracleTest" name="testZeroQueries" time="0.0"/>
  <testcase classname="de.learnlib.oracle.parallelism.AbstractStaticParallelOracleTest" name="testFullLoad" time="1.217"/>
  <testcase classname="de.learnlib.oracle.parallelism.AbstractStaticParallelOracleTest" name="testFullLoad" time="0.077"/>
  <testcase classname="de.learnlib.oracle.parallelism.AbstractStaticParallelOracleTest" name="testLessThanMin" time="0.012"/>
  <testcase classname="de.learnlib.oracle.parallelism.AbstractStaticParallelOracleTest" name="testLessThanMin" time="0.009"/>
  <testcase classname="de.learnlib.oracle.parallelism.AbstractStaticParallelOracleTest" name="testLessThanSixBatches" time="0.024"/>
  <testcase classname="de.learnlib.oracle.parallelism.AbstractStaticParallelOracleTest" name="testLessThanSixBatches" time="0.021"/>
  <testcase classname="de.learnlib.oracle.parallelism.AbstractStaticParallelOracleTest" name="testLessThanTwoBatches" time="0.014"/>
  <testcase classname="de.learnlib.oracle.parallelism.AbstractStaticParallelOracleTest" name="testLessThanTwoBatches" time="0.013"/>
  <testcase classname="de.learnlib.oracle.parallelism.AbstractStaticParallelOracleTest" name="testMin" time="0.007"/>
  <testcase classname="de.learnlib.oracle.parallelism.AbstractStaticParallelOracleTest" name="testMin" time="0.008"/>
  <testcase classname="de.learnlib.oracle.parallelism.AbstractStaticParallelOracleTest" name="testZeroQueries" time="0.0"/>
  <testcase classname="de.learnlib.oracle.parallelism.AbstractStaticParallelOracleTest" name="testZeroQueries" time="0.0"/>
  <testcase classname="de.learnlib.oracle.parallelism.AbstractDynamicParallelOmegaOracleTest" name="testDistinctQueries" time="0.002"/>
  <testcase classname="de.learnlib.oracle.parallelism.AbstractDynamicParallelOmegaOracleTest" name="testDistinctQueries" time="0.002"/>
  <testcase classname="de.learnlib.oracle.parallelism.AbstractDynamicParallelOmegaOracleTest" name="testDuplicateQueries" time="0.002"/>
  <testcase classname="de.learnlib.oracle.parallelism.AbstractDynamicParallelOmegaOracleTest" name="testDuplicateQueries" time="0.002"/>
  <testcase classname="de.learnlib.oracle.parallelism.AbstractDynamicParallelOmegaOracleTest" name="testEmpty" time="0.0"/>
  <testcase classname="de.learnlib.oracle.parallelism.AbstractDynamicParallelOmegaOracleTest" name="testEmpty" time="0.0"/>
  <testcase classname="de.learnlib.oracle.parallelism.AbstractStaticParallelOracleTest" name="testFullLoad" time="0.003"/>
  <testcase classname="de.learnlib.oracle.parallelism.AbstractStaticParallelOracleTest" name="testFullLoad" time="0.003"/>
  <testcase classname="de.learnlib.oracle.parallelism.AbstractStaticParallelOracleTest" name="testLessThanMin" time="0.001"/>
  <testcase classname="de.learnlib.oracle.parallelism.AbstractStaticParallelOracleTest" name="testLessThanMin" time="0.001"/>
  <testcase classname="de.learnlib.oracle.parallelism.AbstractStaticParallelOracleTest" name="testLessThanSixBatches" time="0.001"/>
  <testcase classname="de.learnlib.oracle.parallelism.AbstractStaticParallelOracleTest" name="testLessThanSixBatches" time="0.002"/>
  <testcase classname="de.learnlib.oracle.parallelism.AbstractStaticParallelOracleTest" name="testLessThanTwoBatches" time="0.0"/>
  <testcase classname="de.learnlib.oracle.parallelism.AbstractStaticParallelOracleTest" name="testLessThanTwoBatches" time="0.001"/>
  <testcase classname="de.learnlib.oracle.parallelism.AbstractStaticParallelOracleTest" name="testMin" time="0.0"/>
  <testcase classname="de.learnlib.oracle.parallelism.AbstractStaticParallelOracleTest" name="testMin" time="0.0"/>
  <testcase classname="de.learnlib.oracle.parallelism.AbstractStaticParallelOracleTest" name="testZeroQueries" time="0.001"/>
  <testcase classname="de.learnlib.oracle.parallelism.AbstractStaticParallelOracleTest" name="testZeroQueries" time="0.0"/>
  <testcase classname="de.learnlib.oracle.parallelism.StaticParallelOracleTest" name="testCustomExecutorLessThreadsAvailable" time="0.002"/>
  <testcase classname="de.learnlib.oracle.parallelism.AbstractStaticParallelOracleTest" name="testFullLoad" time="0.005"/>
  <testcase classname="de.learnlib.oracle.parallelism.AbstractStaticParallelOracleTest" name="testFullLoad" time="0.004"/>
  <testcase classname="de.learnlib.oracle.parallelism.AbstractStaticParallelOracleTest" name="testLessThanMin" time="0.0"/>
  <testcase classname="de.learnlib.oracle.parallelism.AbstractStaticParallelOracleTest" name="testLessThanMin" time="0.001"/>
  <testcase classname="de.learnlib.oracle.parallelism.AbstractStaticParallelOracleTest" name="testLessThanSixBatches" time="0.002"/>
  <testcase classname="de.learnlib.oracle.parallelism.AbstractStaticParallelOracleTest" name="testLessThanSixBatches" time="0.001"/>
  <testcase classname="de.learnlib.oracle.parallelism.AbstractStaticParallelOracleTest" name="testLessThanTwoBatches" time="0.001"/>
  <testcase classname="de.learnlib.oracle.parallelism.AbstractStaticParallelOracleTest" name="testLessThanTwoBatches" time="0.001"/>
  <testcase classname="de.learnlib.oracle.parallelism.AbstractStaticParallelOracleTest" name="testMin" time="0.0"/>
  <testcase classname="de.learnlib.oracle.parallelism.AbstractStaticParallelOracleTest" name="testMin" time="0.001"/>
  <testcase classname="de.learnlib.oracle.parallelism.AbstractStaticParallelOracleTest" name="testZeroQueries" time="0.0"/>
  <testcase classname="de.learnlib.oracle.parallelism.AbstractStaticParallelOracleTest" name="testZeroQueries" time="0.001"/>
</testsuite> <!-- Surefire test -->
