<?xml version="1.0" encoding="UTF-8"?>
<testsuite xmlns:xsi="http://www.w3.org/2001/XMLSchema-instance" xsi:noNamespaceSchemaLocation="https://maven.apache.org/surefire/maven-surefire-plugin/xsd/surefire-test-report.xsd" version="3.0.2" name="TestSuite" time="2.581" tests="181" errors="0" skipped="0" failures="0">
  <properties>
[...]
</properties>
  <testcase name="testDistinctQueries[CACHED](1)" classname="de.learnlib.oracle.parallelism.DynamicParallelSLISULTest" time="0.025">
    <system-err><![CDATA[SLF4J(W): No SLF4J providers were found.
SLF4J(W): Defaulting to no-operation (NOP) logger implementation
SLF4J(W): See https://www.slf4j.org/codes.html#noProviders for further details.
]]></system-err>
  </testcase>
  <testcase name="testDistinctQueries[FIXED](2)" classname="de.learnlib.oracle.parallelism.DynamicParallelSLISULTest" time="0.002"/>
  <testcase name="testDuplicateQueries[CACHED](1)" classname="de.learnlib.oracle.parallelism.DynamicParallelSLISULTest" time="0.003"/>
  <testcase name="testDuplicateQueries[FIXED](2)" classname="de.learnlib.oracle.parallelism.DynamicParallelSLISULTest" time="0.002"/>
  <testcase name="testEmpty[CACHED](1)" classname="de.learnlib.oracle.parallelism.DynamicParallelSLISULTest" time="0.0"/>
  <testcase name="testEmpty[FIXED](2)" classname="de.learnlib.oracle.parallelism.DynamicParallelSLISULTest" time="0.0"/>
  <testcase name="testDistinctQueries[CACHED](1)" classname="de.learnlib.oracle.parallelism.DynamicParallelSULTest" time="0.002"/>
  <testcase name="testDistinctQueries[FIXED](2)" classname="de.learnlib.oracle.parallelism.DynamicParallelSULTest" time="0.002"/>
  <testcase name="testDuplicateQueries[CACHED](1)" classname="de.learnlib.oracle.parallelism.DynamicParallelSULTest" time="0.001"/>
  <testcase name="testDuplicateQueries[FIXED](2)" classname="de.learnlib.oracle.parallelism.DynamicParallelSULTest" time="0.001"/>
  <testcase name="testEmpty[CACHED](1)" classname="de.learnlib.oracle.parallelism.DynamicParallelSULTest" time="0.0"/>
  <testcase name="testEmpty[FIXED](2)" classname="de.learnlib.oracle.parallelism.DynamicParallelSULTest" time="0.0"/>
  <testcase name="testDistinctQueries[CACHED](1)" classname="de.learnlib.oracle.parallelism.DynamicParallelOmegaSupplierTest" time="0.003"/>
  <testcase name="testDistinctQueries[FIXED](2)" classname="de.learnlib.oracle.parallelism.DynamicParallelOmegaSupplierTest" time="0.001"/>
  <testcase name="testDuplicateQueries[CACHED](1)" classname="de.learnlib.oracle.parallelism.DynamicParallelOmegaSupplierTest" time="0.003"/>
  <testcase name="testDuplicateQueries[FIXED](2)" classname="de.learnlib.oracle.parallelism.DynamicParallelOmegaSupplierTest" time="0.001"/>
  <testcase name="testEmpty[CACHED](1)" classname="de.learnlib.oracle.parallelism.DynamicParallelOmegaSupplierTest" time="0.001"/>
  <testcase name="testEmpty[FIXED](2)" classname="de.learnlib.oracle.parallelism.DynamicParallelOmegaSupplierTest" time="0.0"/>
  <testcase name="testFullLoad[CACHED](1)" classname="de.learnlib.oracle.parallelism.StaticParallelSupplierTest" time="0.007"/>
  <testcase name="testFullLoad[FIXED](2)" classname="de.learnlib.oracle.parallelism.StaticParallelSupplierTest" time="0.004"/>
  <testcase name="testLessThanMin[CACHED](1)" classname="de.learnlib.oracle.parallelism.StaticParallelSupplierTest" time="0.002"/>
  <testcase name="testLessThanMin[FIXED](2)" classname="de.learnlib.oracle.parallelism.StaticParallelSupplierTest" time="0.0"/>
  <testcase name="testLessThanSixBatches[CACHED](1)" classname="de.learnlib.oracle.parallelism.StaticParallelSupplierTest" time="0.001"/>
  <testcase name="testLessThanSixBatches[FIXED](2)" classname="de.learnlib.oracle.parallelism.StaticParallelSupplierTest" time="0.002"/>
  <testcase name="testLessThanTwoBatches[CACHED](1)" classname="de.learnlib.oracle.parallelism.StaticParallelSupplierTest" time="0.0"/>
  <testcase name="testLessThanTwoBatches[FIXED](2)" classname="de.learnlib.oracle.parallelism.StaticParallelSupplierTest" time="0.001"/>
  <testcase name="testMin[CACHED](1)" classname="de.learnlib.oracle.parallelism.StaticParallelSupplierTest" time="0.0"/>
  <testcase name="testMin[FIXED](2)" classname="de.learnlib.oracle.parallelism.StaticParallelSupplierTest" time="0.0"/>
  <testcase name="testZeroQueries[CACHED](1)" classname="de.learnlib.oracle.parallelism.StaticParallelSupplierTest" time="0.0"/>
  <testcase name="testZeroQueries[FIXED](2)" classname="de.learnlib.oracle.parallelism.StaticParallelSupplierTest" time="0.0"/>
  <testcase name="testDistinctQueries[CACHED](1)" classname="de.learnlib.oracle.parallelism.DynamicParallelOmegaOracleTest" time="0.001"/>
  <testcase name="testDistinctQueries[FIXED](2)" classname="de.learnlib.oracle.parallelism.DynamicParallelOmegaOracleTest" time="0.001"/>
  <testcase name="testDuplicateQueries[CACHED](1)" classname="de.learnlib.oracle.parallelism.DynamicParallelOmegaOracleTest" time="0.002"/>
  <testcase name="testDuplicateQueries[FIXED](2)" classname="de.learnlib.oracle.parallelism.DynamicParallelOmegaOracleTest" time="0.001"/>
  <testcase name="testEmpty[CACHED](1)" classname="de.learnlib.oracle.parallelism.DynamicParallelOmegaOracleTest" time="0.0"/>
  <testcase name="testEmpty[FIXED](2)" classname="de.learnlib.oracle.parallelism.DynamicParallelOmegaOracleTest" time="0.0"/>
  <testcase name="testSingleMethods" classname="de.learnlib.oracle.parallelism.DynamicParallelOmegaOracleTest" time="0.002"/>
  <testcase name="testThreadCreation[CACHED](2)" classname="de.learnlib.oracle.parallelism.DynamicParallelOmegaOracleTest" time="0.005"/>
  <testcase name="testThreadCreation[FIXED](4)" classname="de.learnlib.oracle.parallelism.DynamicParallelOmegaOracleTest" time="0.002"/>
  <testcase name="testThreadScheduling[CACHED](2)" classname="de.learnlib.oracle.parallelism.DynamicParallelOmegaOracleTest" time="0.002"/>
  <testcase name="testThreadScheduling[FIXED](4)" classname="de.learnlib.oracle.parallelism.DynamicParallelOmegaOracleTest" time="0.002"/>
  <testcase name="testFullLoad[CACHED](1)" classname="de.learnlib.oracle.parallelism.StaticParallelAdaptiveOracleTest" time="0.009"/>
  <testcase name="testFullLoad[FIXED](2)" classname="de.learnlib.oracle.parallelism.StaticParallelAdaptiveOracleTest" time="0.006"/>
  <testcase name="testLessThanMin[CACHED](1)" classname="de.learnlib.oracle.parallelism.StaticParallelAdaptiveOracleTest" time="0.0"/>
  <testcase name="testLessThanMin[FIXED](2)" classname="de.learnlib.oracle.parallelism.StaticParallelAdaptiveOracleTest" time="0.0"/>
  <testcase name="testLessThanSixBatches[CACHED](1)" classname="de.learnlib.oracle.parallelism.StaticParallelAdaptiveOracleTest" time="0.002"/>
  <testcase name="testLessThanSixBatches[FIXED](2)" classname="de.learnlib.oracle.parallelism.StaticParallelAdaptiveOracleTest" time="0.004"/>
  <testcase name="testLessThanTwoBatches[CACHED](1)" classname="de.learnlib.oracle.parallelism.StaticParallelAdaptiveOracleTest" time="0.0"/>
  <testcase name="testLessThanTwoBatches[FIXED](2)" classname="de.learnlib.oracle.parallelism.StaticParallelAdaptiveOracleTest" time="0.0"/>
  <testcase name="testMin[CACHED](1)" classname="de.learnlib.oracle.parallelism.StaticParallelAdaptiveOracleTest" time="0.001"/>
  <testcase name="testMin[FIXED](2)" classname="de.learnlib.oracle.parallelism.StaticParallelAdaptiveOracleTest" time="0.001"/>
  <testcase name="testZeroQueries[CACHED](1)" classname="de.learnlib.oracle.parallelism.StaticParallelAdaptiveOracleTest" time="0.001"/>
  <testcase name="testZeroQueries[FIXED](2)" classname="de.learnlib.oracle.parallelism.StaticParallelAdaptiveOracleTest" time="0.0"/>
  <testcase name="testDefaults" classname="de.learnlib.oracle.parallelism.SettingsTest" time="0.0"/>
  <testcase name="testDistinctQueries[CACHED](1)" classname="de.learnlib.oracle.parallelism.DynamicParallelSupplierTest" time="0.001"/>
  <testcase name="testDistinctQueries[FIXED](2)" classname="de.learnlib.oracle.parallelism.DynamicParallelSupplierTest" time="0.001"/>
  <testcase name="testDuplicateQueries[CACHED](1)" classname="de.learnlib.oracle.parallelism.DynamicParallelSupplierTest" time="0.001"/>
  <testcase name="testDuplicateQueries[FIXED](2)" classname="de.learnlib.oracle.parallelism.DynamicParallelSupplierTest" time="0.001"/>
  <testcase name="testEmpty[CACHED](1)" classname="de.learnlib.oracle.parallelism.DynamicParallelSupplierTest" time="0.0"/>
  <testcase name="testEmpty[FIXED](2)" classname="de.learnlib.oracle.parallelism.DynamicParallelSupplierTest" time="0.0"/>
  <testcase name="testDistinctQueries[CACHED](1)" classname="de.learnlib.oracle.parallelism.DynamicParallelAdaptiveOracleTest" time="0.001"/>
  <testcase name="testDistinctQueries[FIXED](2)" classname="de.learnlib.oracle.parallelism.DynamicParallelAdaptiveOracleTest" time="0.002"/>
  <testcase name="testDuplicateQueries[CACHED](1)" classname="de.learnlib.oracle.parallelism.DynamicParallelAdaptiveOracleTest" time="0.002"/>
  <testcase name="testDuplicateQueries[FIXED](2)" classname="de.learnlib.oracle.parallelism.DynamicParallelAdaptiveOracleTest" time="0.001"/>
  <testcase name="testEmpty[CACHED](1)" classname="de.learnlib.oracle.parallelism.DynamicParallelAdaptiveOracleTest" time="0.0"/>
  <testcase name="testEmpty[FIXED](2)" classname="de.learnlib.oracle.parallelism.DynamicParallelAdaptiveOracleTest" time="0.0"/>
  <testcase name="testThreadCreation[CACHED](2)" classname="de.learnlib.oracle.parallelism.DynamicParallelAdaptiveOracleTest" time="0.003"/>
  <testcase name="testThreadCreation[FIXED](4)" classname="de.learnlib.oracle.parallelism.DynamicParallelAdaptiveOracleTest" time="0.002"/>
  <testcase name="testThreadScheduling[CACHED](2)" classname="de.learnlib.oracle.parallelism.DynamicParallelAdaptiveOracleTest" time="0.001"/>
  <testcase name="testThreadScheduling[FIXED](4)" classname="de.learnlib.oracle.parallelism.DynamicParallelAdaptiveOracleTest" time="0.001"/>
  <testcase name="testEmptyInputs" classname="de.learnlib.oracle.parallelism.DynamicParallelOracleBuilderTest" time="0.001"/>
  <testcase name="testDistinctQueries[CACHED](1)" classname="de.learnlib.oracle.parallelism.DynamicParallelOracleTest" time="0.002"/>
  <testcase name="testDistinctQueries[FIXED](2)" classname="de.learnlib.oracle.parallelism.DynamicParallelOracleTest" time="0.001"/>
  <testcase name="testDuplicateQueries[CACHED](1)" classname="de.learnlib.oracle.parallelism.DynamicParallelOracleTest" time="0.001"/>
  <testcase name="testDuplicateQueries[FIXED](2)" classname="de.learnlib.oracle.parallelism.DynamicParallelOracleTest" time="0.001"/>
  <testcase name="testEmpty[CACHED](1)" classname="de.learnlib.oracle.parallelism.DynamicParallelOracleTest" time="0.0"/>
  <testcase name="testEmpty[FIXED](2)" classname="de.learnlib.oracle.parallelism.DynamicParallelOracleTest" time="0.0"/>
  <testcase name="testCustomExecutorTooManyThreads" classname="de.learnlib.oracle.parallelism.DynamicParallelOracleTest" time="0.001"/>
  <testcase name="testThreadCreation[CACHED](2)" classname="de.learnlib.oracle.parallelism.DynamicParallelOracleTest" time="0.003"/>
  <testcase name="testThreadCreation[FIXED](4)" classname="de.learnlib.oracle.parallelism.DynamicParallelOracleTest" time="0.002"/>
  <testcase name="testThreadScheduling[CACHED](2)" classname="de.learnlib.oracle.parallelism.DynamicParallelOracleTest" time="0.001"/>
  <testcase name="testThreadScheduling[FIXED](4)" classname="de.learnlib.oracle.parallelism.DynamicParallelOracleTest" time="0.001"/>
  <testcase name="testFullLoad[CACHED](1)" classname="de.learnlib.oracle.parallelism.StaticParallelOmegaSupplierTest" time="0.005"/>
  <testcase name="testFullLoad[FIXED](2)" classname="de.learnlib.oracle.parallelism.StaticParallelOmegaSupplierTest" time="0.003"/>
  <testcase name="testLessThanMin[CACHED](1)" classname="de.learnlib.oracle.parallelism.StaticParallelOmegaSupplierTest" time="0.0"/>
  <testcase name="testLessThanMin[FIXED](2)" classname="de.learnlib.oracle.parallelism.StaticParallelOmegaSupplierTest" time="0.0"/>
  <testcase name="testLessThanSixBatches[CACHED](1)" classname="de.learnlib.oracle.parallelism.StaticParallelOmegaSupplierTest" time="0.001"/>
  <testcase name="testLessThanSixBatches[FIXED](2)" classname="de.learnlib.oracle.parallelism.StaticParallelOmegaSupplierTest" time="0.002"/>
  <testcase name="testLessThanTwoBatches[CACHED](1)" classname="de.learnlib.oracle.parallelism.StaticParallelOmegaSupplierTest" time="0.001"/>
  <testcase name="testLessThanTwoBatches[FIXED](2)" classname="de.learnlib.oracle.parallelism.StaticParallelOmegaSupplierTest" time="0.0"/>
  <testcase name="testMin[CACHED](1)" classname="de.learnlib.oracle.parallelism.StaticParallelOmegaSupplierTest" time="0.001"/>
  <testcase name="testMin[FIXED](2)" classname="de.learnlib.oracle.parallelism.StaticParallelOmegaSupplierTest" time="0.0"/>
  <testcase name="testZeroQueries[CACHED](1)" classname="de.learnlib.oracle.parallelism.StaticParallelOmegaSupplierTest" time="0.0"/>
  <testcase name="testZeroQueries[FIXED](2)" classname="de.learnlib.oracle.parallelism.StaticParallelOmegaSupplierTest" time="0.001"/>
  <testcase name="testFullLoad[CACHED](1)" classname="de.learnlib.oracle.parallelism.StaticParallelObservableSULTest" time="0.01"/>
  <testcase name="testFullLoad[FIXED](2)" classname="de.learnlib.oracle.parallelism.StaticParallelObservableSULTest" time="0.005"/>
  <testcase name="testLessThanMin[CACHED](1)" classname="de.learnlib.oracle.parallelism.StaticParallelObservableSULTest" time="0.0"/>
  <testcase name="testLessThanMin[FIXED](2)" classname="de.learnlib.oracle.parallelism.StaticParallelObservableSULTest" time="0.0"/>
  <testcase name="testLessThanSixBatches[CACHED](1)" classname="de.learnlib.oracle.parallelism.StaticParallelObservableSULTest" time="0.001"/>
  <testcase name="testLessThanSixBatches[FIXED](2)" classname="de.learnlib.oracle.parallelism.StaticParallelObservableSULTest" time="0.002"/>
  <testcase name="testLessThanTwoBatches[CACHED](1)" classname="de.learnlib.oracle.parallelism.StaticParallelObservableSULTest" time="0.001"/>
  <testcase name="testLessThanTwoBatches[FIXED](2)" classname="de.learnlib.oracle.parallelism.StaticParallelObservableSULTest" time="0.001"/>
  <testcase name="testMin[CACHED](1)" classname="de.learnlib.oracle.parallelism.StaticParallelObservableSULTest" time="0.0"/>
  <testcase name="testMin[FIXED](2)" classname="de.learnlib.oracle.parallelism.StaticParallelObservableSULTest" time="0.0"/>
  <testcase name="testZeroQueries[CACHED](1)" classname="de.learnlib.oracle.parallelism.StaticParallelObservableSULTest" time="0.001"/>
  <testcase name="testZeroQueries[FIXED](2)" classname="de.learnlib.oracle.parallelism.StaticParallelObservableSULTest" time="0.0"/>
  <testcase name="testDistinctQueries[CACHED](1)" classname="de.learnlib.oracle.parallelism.DynamicParallelAdaptiveSupplierTest" time="0.001"/>
  <testcase name="testDistinctQueries[FIXED](2)" classname="de.learnlib.oracle.parallelism.DynamicParallelAdaptiveSupplierTest" time="0.001"/>
  <testcase name="testDuplicateQueries[CACHED](1)" classname="de.learnlib.oracle.parallelism.DynamicParallelAdaptiveSupplierTest" time="0.001"/>
  <testcase name="testDuplicateQueries[FIXED](2)" classname="de.learnlib.oracle.parallelism.DynamicParallelAdaptiveSupplierTest" time="0.001"/>
  <testcase name="testEmpty[CACHED](1)" classname="de.learnlib.oracle.parallelism.DynamicParallelAdaptiveSupplierTest" time="0.0"/>
  <testcase name="testEmpty[FIXED](2)" classname="de.learnlib.oracle.parallelism.DynamicParallelAdaptiveSupplierTest" time="0.0"/>
  <testcase name="testEmptyInputs" classname="de.learnlib.oracle.parallelism.StaticParallelOracleBuilderTest" time="0.001"/>
  <testcase name="testFullLoad[CACHED](1)" classname="de.learnlib.oracle.parallelism.StaticParallelOmegaOracleTest" time="0.003"/>
  <testcase name="testFullLoad[FIXED](2)" classname="de.learnlib.oracle.parallelism.StaticParallelOmegaOracleTest" time="0.003"/>
  <testcase name="testLessThanMin[CACHED](1)" classname="de.learnlib.oracle.parallelism.StaticParallelOmegaOracleTest" time="0.001"/>
  <testcase name="testLessThanMin[FIXED](2)" classname="de.learnlib.oracle.parallelism.StaticParallelOmegaOracleTest" time="0.002"/>
  <testcase name="testLessThanSixBatches[CACHED](1)" classname="de.learnlib.oracle.parallelism.StaticParallelOmegaOracleTest" time="0.001"/>
  <testcase name="testLessThanSixBatches[FIXED](2)" classname="de.learnlib.oracle.parallelism.StaticParallelOmegaOracleTest" time="0.002"/>
  <testcase name="testLessThanTwoBatches[CACHED](1)" classname="de.learnlib.oracle.parallelism.StaticParallelOmegaOracleTest" time="0.001"/>
  <testcase name="testLessThanTwoBatches[FIXED](2)" classname="de.learnlib.oracle.parallelism.StaticParallelOmegaOracleTest" time="0.0"/>
  <testcase name="testMin[CACHED](1)" classname="de.learnlib.oracle.parallelism.StaticParallelOmegaOracleTest" time="0.001"/>
  <testcase name="testMin[FIXED](2)" classname="de.learnlib.oracle.parallelism.StaticParallelOmegaOracleTest" time="0.0"/>
  <testcase name="testZeroQueries[CACHED](1)" classname="de.learnlib.oracle.parallelism.StaticParallelOmegaOracleTest" time="0.0"/>
  <testcase name="testZeroQueries[FIXED](2)" classname="de.learnlib.oracle.parallelism.StaticParallelOmegaOracleTest" time="0.0"/>
  <testcase name="testSingleMethods" classname="de.learnlib.oracle.parallelism.StaticParallelOmegaOracleTest" time="0.0"/>
  <testcase name="testFullLoad[CACHED](1)" classname="de.learnlib.oracle.parallelism.StaticParallelAdaptiveSupplierTest" time="0.003"/>
  <testcase name="testFullLoad[FIXED](2)" classname="de.learnlib.oracle.parallelism.StaticParallelAdaptiveSupplierTest" time="0.003"/>
  <testcase name="testLessThanMin[CACHED](1)" classname="de.learnlib.oracle.parallelism.StaticParallelAdaptiveSupplierTest" time="0.0"/>
  <testcase name="testLessThanMin[FIXED](2)" classname="de.learnlib.oracle.parallelism.StaticParallelAdaptiveSupplierTest" time="0.0"/>
  <testcase name="testLessThanSixBatches[CACHED](1)" classname="de.learnlib.oracle.parallelism.StaticParallelAdaptiveSupplierTest" time="0.001"/>
  <testcase name="testLessThanSixBatches[FIXED](2)" classname="de.learnlib.oracle.parallelism.StaticParallelAdaptiveSupplierTest" time="0.001"/>
  <testcase name="testLessThanTwoBatches[CACHED](1)" classname="de.learnlib.oracle.parallelism.StaticParallelAdaptiveSupplierTest" time="0.0"/>
  <testcase name="testLessThanTwoBatches[FIXED](2)" classname="de.learnlib.oracle.parallelism.StaticParallelAdaptiveSupplierTest" time="0.001"/>
  <testcase name="testMin[CACHED](1)" classname="de.learnlib.oracle.parallelism.StaticParallelAdaptiveSupplierTest" time="0.001"/>
  <testcase name="testMin[FIXED](2)" classname="de.learnlib.oracle.parallelism.StaticParallelAdaptiveSupplierTest" time="0.0"/>
  <testcase name="testZeroQueries[CACHED](1)" classname="de.learnlib.oracle.parallelism.StaticParallelAdaptiveSupplierTest" time="0.0"/>
  <testcase name="testZeroQueries[FIXED](2)" classname="de.learnlib.oracle.parallelism.StaticParallelAdaptiveSupplierTest" time="0.0"/>
  <testcase name="testFullLoad[CACHED](1)" classname="de.learnlib.oracle.parallelism.StaticParallelSLISULTest" time="1.218"/>
  <testcase name="testFullLoad[FIXED](2)" classname="de.learnlib.oracle.parallelism.StaticParallelSLISULTest" time="0.078"/>
  <testcase name="testLessThanMin[CACHED](1)" classname="de.learnlib.oracle.parallelism.StaticParallelSLISULTest" time="0.012"/>
  <testcase name="testLessThanMin[FIXED](2)" classname="de.learnlib.oracle.parallelism.StaticParallelSLISULTest" time="0.01"/>
  <testcase name="testLessThanSixBatches[CACHED](1)" classname="de.learnlib.oracle.parallelism.StaticParallelSLISULTest" time="0.025"/>
  <testcase name="testLessThanSixBatches[FIXED](2)" classname="de.learnlib.oracle.parallelism.StaticParallelSLISULTest" time="0.02"/>
  <testcase name="testLessThanTwoBatches[CACHED](1)" classname="de.learnlib.oracle.parallelism.StaticParallelSLISULTest" time="0.013"/>
  <testcase name="testLessThanTwoBatches[FIXED](2)" classname="de.learnlib.oracle.parallelism.StaticParallelSLISULTest" time="0.014"/>
  <testcase name="testMin[CACHED](1)" classname="de.learnlib.oracle.parallelism.StaticParallelSLISULTest" time="0.007"/>
  <testcase name="testMin[FIXED](2)" classname="de.learnlib.oracle.parallelism.StaticParallelSLISULTest" time="0.008"/>
  <testcase name="testZeroQueries[CACHED](1)" classname="de.learnlib.oracle.parallelism.StaticParallelSLISULTest" time="0.001"/>
  <testcase name="testZeroQueries[FIXED](2)" classname="de.learnlib.oracle.parallelism.StaticParallelSLISULTest" time="0.0"/>
  <testcase name="testDistinctQueries[CACHED](1)" classname="de.learnlib.oracle.parallelism.DynamicParallelObservableSULTest" time="0.003"/>
  <testcase name="testDistinctQueries[FIXED](2)" classname="de.learnlib.oracle.parallelism.DynamicParallelObservableSULTest" time="0.002"/>
  <testcase name="testDuplicateQueries[CACHED](1)" classname="de.learnlib.oracle.parallelism.DynamicParallelObservableSULTest" time="0.002"/>
  <testcase name="testDuplicateQueries[FIXED](2)" classname="de.learnlib.oracle.parallelism.DynamicParallelObservableSULTest" time="0.002"/>
  <testcase name="testEmpty[CACHED](1)" classname="de.learnlib.oracle.parallelism.DynamicParallelObservableSULTest" time="0.001"/>
  <testcase name="testEmpty[FIXED](2)" classname="de.learnlib.oracle.parallelism.DynamicParallelObservableSULTest" time="0.0"/>
  <testcase name="testFullLoad[CACHED](1)" classname="de.learnlib.oracle.parallelism.StaticParallelOracleTest" time="0.003"/>
  <testcase name="testFullLoad[FIXED](2)" classname="de.learnlib.oracle.parallelism.StaticParallelOracleTest" time="0.003"/>
  <testcase name="testLessThanMin[CACHED](1)" classname="de.learnlib.oracle.parallelism.StaticParallelOracleTest" time="0.0"/>
  <testcase name="testLessThanMin[FIXED](2)" classname="de.learnlib.oracle.parallelism.StaticParallelOracleTest" time="0.001"/>
  <testcase name="testLessThanSixBatches[CACHED](1)" classname="de.learnlib.oracle.parallelism.StaticParallelOracleTest" time="0.001"/>
  <testcase name="testLessThanSixBatches[FIXED](2)" classname="de.learnlib.oracle.parallelism.StaticParallelOracleTest" time="0.002"/>
  <testcase name="testLessThanTwoBatches[CACHED](1)" classname="de.learnlib.oracle.parallelism.StaticParallelOracleTest" time="0.0"/>
  <testcase name="testLessThanTwoBatches[FIXED](2)" classname="de.learnlib.oracle.parallelism.StaticParallelOracleTest" time="0.0"/>
  <testcase name="testMin[CACHED](1)" classname="de.learnlib.oracle.parallelism.StaticParallelOracleTest" time="0.001"/>
  <testcase name="testMin[FIXED](2)" classname="de.learnlib.oracle.parallelism.StaticParallelOracleTest" time="0.0"/>
  <testcase name="testZeroQueries[CACHED](1)" classname="de.learnlib.oracle.parallelism.StaticParallelOracleTest" time="0.0"/>
  <testcase name="testZeroQueries[FIXED](2)" classname="de.learnlib.oracle.parallelism.StaticParallelOracleTest" time="0.001"/>
  <testcase name="testCustomExecutorLessThreadsAvailable" classname="de.learnlib.oracle.parallelism.StaticParallelOracleTest" time="0.001"/>
  <testcase name="testFullLoad[CACHED](1)" classname="de.learnlib.oracle.parallelism.StaticParallelSULTest" time="0.005"/>
  <testcase name="testFullLoad[FIXED](2)" classname="de.learnlib.oracle.parallelism.StaticParallelSULTest" time="0.005"/>
  <testcase name="testLessThanMin[CACHED](1)" classname="de.learnlib.oracle.parallelism.StaticParallelSULTest" time="0.001"/>
  <testcase name="testLessThanMin[FIXED](2)" classname="de.learnlib.oracle.parallelism.StaticParallelSULTest" time="0.0"/>
  <testcase name="testLessThanSixBatches[CACHED](1)" classname="de.learnlib.oracle.parallelism.StaticParallelSULTest" time="0.002"/>
  <testcase name="testLessThanSixBatches[FIXED](2)" classname="de.learnlib.oracle.parallelism.StaticParallelSULTest" time="0.002"/>
  <testcase name="testLessThanTwoBatches[CACHED](1)" classname="de.learnlib.oracle.parallelism.StaticParallelSULTest" time="0.001"/>
  <testcase name="testLessThanTwoBatches[FIXED](2)" classname="de.learnlib.oracle.parallelism.StaticParallelSULTest" time="0.001"/>
  <testcase name="testMin[CACHED](1)" classname="de.learnlib.oracle.parallelism.StaticParallelSULTest" time="0.0"/>
  <testcase name="testMin[FIXED](2)" classname="de.learnlib.oracle.parallelism.StaticParallelSULTest" time="0.0"/>
  <testcase name="testZeroQueries[CACHED](1)" classname="de.learnlib.oracle.parallelism.StaticParallelSULTest" time="0.0"/>
  <testcase name="testZeroQueries[FIXED](2)" classname="de.learnlib.oracle.parallelism.StaticParallelSULTest" time="0.001"/>
</testsuite>