<?xml version="1.0" encoding="UTF-8"?>
<!-- Generated by org.testng.reporters.JUnitXMLReporter -->
<testsuite ignored="0" hostname="asus" failures="0" tests="11" name="Surefire test" time="1.251" errors="0" timestamp="2025-05-04T15:12:16 CEST">
  <testcase classname="de.learnlib.testsupport.AbstractResumableLearnerTest" name="testSuspendAndResumeLearner" time="0.764"/>
  <testcase classname="de.learnlib.testsupport.AbstractGrowingAlphabetTest" name="testGrowingAlphabet" time="0.013"/>
  <testcase classname="de.learnlib.testsupport.AbstractGrowingAlphabetTest" name="testInitialAlphabet" time="0.001"/>
  <testcase classname="de.learnlib.testsupport.AbstractGrowingAlphabetTest" name="testGrowingAlphabet" time="0.015"/>
  <testcase classname="de.learnlib.testsupport.AbstractGrowingAlphabetTest" name="testInitialAlphabet" time="0.0"/>
  <testcase classname="de.learnlib.testsupport.AbstractGrowingAlphabetTest" name="testGrowingAlphabet" time="0.015"/>
  <testcase classname="de.learnlib.testsupport.AbstractGrowingAlphabetTest" name="testInitialAlphabet" time="0.001"/>
  <testcase classname="de.learnlib.testsupport.AbstractResumableLearnerTest" name="testSuspendAndResumeLearner" time="0.171"/>
  <testcase classname="de.learnlib.testsupport.AbstractResumableLearnerTest" name="testSuspendAndResumeLearner" time="0.19"/>
  <testcase classname="de.learnlib.algorithm.ttt.TTTVisualizationTest" name="testVisualizeDT" time="0.006"/>
  <testcase classname="de.learnlib.algorithm.ttt.TTTVisualizationTest" name="testVisualizeHyp" time="0.002"/>
</testsuite> <!-- Surefire test -->
