<?xml version="1.0" encoding="UTF-8"?>
<!-- Generated by org.testng.reporters.JUnitXMLReporter -->
<testsuite ignored="0" hostname="asus" failures="0" tests="34" name="Surefire test" time="1.885" errors="0" timestamp="2025-05-04T15:11:59 CEST">
  <testcase classname="de.learnlib.oracle.equivalence.AbstractEQOracleTest" name="testGeneratedEQQueries" time="0.014"/>
  <testcase classname="de.learnlib.oracle.equivalence.RandomWordsEQOracleTest" name="testNumberOfTotalQueries" time="0.0"/>
  <testcase classname="de.learnlib.oracle.equivalence.AbstractBFInclusionOracleTest" name="testFindCounterExample" time="0.005"/>
  <testcase classname="de.learnlib.oracle.equivalence.AbstractBFInclusionOracleTest" name="testIsCounterExample" time="0.001"/>
  <testcase classname="de.learnlib.testsupport.AbstractBFOracleTest" name="testAddWord" time="0.001"/>
  <testcase classname="de.learnlib.testsupport.AbstractBFOracleTest" name="testGetMultiplier" time="0.0"/>
  <testcase classname="de.learnlib.testsupport.AbstractBFOracleTest" name="testNextInput" time="0.004"/>
  <testcase classname="de.learnlib.testsupport.AbstractBFOracleTest" name="testPre" time="0.001"/>
  <testcase classname="de.learnlib.oracle.equivalence.sba.WMethodEQOracleTest" name="testOracle" time="0.07"/>
  <testcase classname="de.learnlib.oracle.equivalence.AbstractEQOracleTest" name="testGeneratedEQQueries" time="0.009"/>
  <testcase classname="de.learnlib.oracle.equivalence.AbstractEQOracleTest" name="testGeneratedEQQueries" time="0.019"/>
  <testcase classname="de.learnlib.oracle.equivalence.RandomWMethodEQOracleTest" name="testNumberOfTotalQueries" time="0.001"/>
  <testcase classname="de.learnlib.oracle.equivalence.spa.WpMethodEQOracleTest" name="testOracle" time="0.09"/>
  <testcase classname="de.learnlib.oracle.equivalence.spa.WMethodEQOracleTest" name="testOracle" time="0.079"/>
  <testcase classname="de.learnlib.oracle.equivalence.CExFirstOracleTest" name="testFindCounterExample" time="0.011"/>
  <testcase classname="de.learnlib.oracle.equivalence.CExFirstOracleTest" name="testGetPropertyOracles" time="0.0"/>
  <testcase classname="de.learnlib.oracle.equivalence.TestWordEQOracleBatchTest" name="testBatchMode" time="0.003"/>
  <testcase classname="de.learnlib.oracle.equivalence.DisproveFirstOracleTest" name="testFindCounterExample" time="0.003"/>
  <testcase classname="de.learnlib.oracle.equivalence.DisproveFirstOracleTest" name="testGetPropertyOracles" time="0.0"/>
  <testcase classname="de.learnlib.oracle.equivalence.AbstractBFInclusionOracleTest" name="testFindCounterExample" time="0.001"/>
  <testcase classname="de.learnlib.oracle.equivalence.AbstractBFInclusionOracleTest" name="testIsCounterExample" time="0.001"/>
  <testcase classname="de.learnlib.testsupport.AbstractBFOracleTest" name="testAddWord" time="0.0"/>
  <testcase classname="de.learnlib.testsupport.AbstractBFOracleTest" name="testGetMultiplier" time="0.001"/>
  <testcase classname="de.learnlib.testsupport.AbstractBFOracleTest" name="testNextInput" time="0.0"/>
  <testcase classname="de.learnlib.testsupport.AbstractBFOracleTest" name="testPre" time="0.0"/>
  <testcase classname="de.learnlib.oracle.equivalence.AbstractEQOracleTest" name="testGeneratedEQQueries" time="0.011"/>
  <testcase classname="de.learnlib.oracle.equivalence.AbstractEQOracleTest" name="testGeneratedEQQueries" time="0.001"/>
  <testcase classname="de.learnlib.oracle.equivalence.SampleSetEQOracleTest" name="testName" time="0.001"/>
  <testcase classname="de.learnlib.oracle.equivalence.spmm.WMethodEQOracleTest" name="testOracle" time="0.116"/>
  <testcase classname="de.learnlib.oracle.equivalence.AbstractEQOracleTest" name="testGeneratedEQQueries" time="0.016"/>
  <testcase classname="de.learnlib.oracle.equivalence.RandomWpMethodEQOracleTest" name="testNumberOfTotalQueries" time="0.001"/>
  <testcase classname="de.learnlib.oracle.equivalence.EmptyAutomatonOracleTest" name="testEmptyDFA" time="0.002"/>
  <testcase classname="de.learnlib.oracle.equivalence.EmptyAutomatonOracleTest" name="testEmptyMealy" time="0.004"/>
  <testcase classname="de.learnlib.oracle.equivalence.mealy.RandomWalkEQOracleTest" name="testOracle" time="0.002"/>
</testsuite> <!-- Surefire test -->
