<?xml version="1.0" encoding="UTF-8"?>
<!-- Generated by org.testng.reporters.JUnitXMLReporter -->
<testsuite ignored="0" hostname="asus" failures="0" tests="46" name="Surefire test" time="0.184" errors="0" timestamp="2025-05-04T17:32:08 CEST">
  <testcase classname="de.learnlib.filter.statistic.oracle.CounterOracleTest" name="testInitialState" time="0.006"/>
  <testcase classname="de.learnlib.filter.statistic.oracle.CounterOracleTest" name="testStatistics" time="0.002"/>
  <testcase classname="de.learnlib.filter.statistic.oracle.CounterOracleTest" name="testFirstQueryBatch" time="0.042"/>
  <testcase classname="de.learnlib.filter.statistic.oracle.CounterOracleTest" name="testEmptyQueryBatch" time="0.0"/>
  <testcase classname="de.learnlib.filter.statistic.oracle.CounterOracleTest" name="testSecondQueryBatch" time="0.001"/>
  <testcase classname="de.learnlib.filter.statistic.oracle.HistogramOracleTest" name="testGetName" time="0.001"/>
  <testcase classname="de.learnlib.filter.statistic.oracle.HistogramOracleTest" name="testInitialState" time="0.001"/>
  <testcase classname="de.learnlib.filter.statistic.oracle.HistogramOracleTest" name="testFirstQueryBatch" time="0.0"/>
  <testcase classname="de.learnlib.filter.statistic.oracle.HistogramOracleTest" name="testEmptyQueryBatch" time="0.0"/>
  <testcase classname="de.learnlib.filter.statistic.oracle.HistogramOracleTest" name="testSecondQueryBatch" time="0.0"/>
  <testcase classname="de.learnlib.filter.statistic.oracle.HistogramOracleTest" name="testSummary" time="0.003"/>
  <testcase classname="de.learnlib.filter.statistic.oracle.CounterAdaptiveOracleTest" name="testInitialState" time="0.0"/>
  <testcase classname="de.learnlib.filter.statistic.oracle.CounterAdaptiveOracleTest" name="testStatistics" time="0.001"/>
  <testcase classname="de.learnlib.filter.statistic.oracle.CounterAdaptiveOracleTest" name="testFirstQueryBatch" time="0.002"/>
  <testcase classname="de.learnlib.filter.statistic.oracle.CounterAdaptiveOracleTest" name="testEmptyQueryBatch" time="0.0"/>
  <testcase classname="de.learnlib.filter.statistic.oracle.CounterAdaptiveOracleTest" name="testSecondQueryBatch" time="0.001"/>
  <testcase classname="de.learnlib.filter.statistic.sul.AbstractCounterSULTest" name="testInitialState" time="0.0"/>
  <testcase classname="de.learnlib.filter.statistic.sul.AbstractCounterSULTest" name="testFirstQueryBatch" time="0.004"/>
  <testcase classname="de.learnlib.filter.statistic.sul.AbstractCounterSULTest" name="testEmptyQueryBatch" time="0.001"/>
  <testcase classname="de.learnlib.filter.statistic.sul.AbstractCounterSULTest" name="testSecondQueryBatch" time="0.0"/>
  <testcase classname="de.learnlib.filter.statistic.sul.AbstractCounterSULTest" name="testSharedForkCounter" time="0.0"/>
  <testcase classname="de.learnlib.filter.statistic.sul.AbstractCounterSULTest" name="testInitialState" time="0.0"/>
  <testcase classname="de.learnlib.filter.statistic.sul.AbstractCounterSULTest" name="testFirstQueryBatch" time="0.0"/>
  <testcase classname="de.learnlib.filter.statistic.sul.AbstractCounterSULTest" name="testEmptyQueryBatch" time="0.001"/>
  <testcase classname="de.learnlib.filter.statistic.sul.AbstractCounterSULTest" name="testSecondQueryBatch" time="0.0"/>
  <testcase classname="de.learnlib.filter.statistic.sul.AbstractCounterSULTest" name="testSharedForkCounter" time="0.001"/>
  <testcase classname="de.learnlib.filter.statistic.sul.AbstractCounterSULTest" name="testInitialState" time="0.0"/>
  <testcase classname="de.learnlib.filter.statistic.sul.AbstractCounterSULTest" name="testFirstQueryBatch" time="0.0"/>
  <testcase classname="de.learnlib.filter.statistic.sul.AbstractCounterSULTest" name="testEmptyQueryBatch" time="0.001"/>
  <testcase classname="de.learnlib.filter.statistic.sul.AbstractCounterSULTest" name="testSecondQueryBatch" time="0.0"/>
  <testcase classname="de.learnlib.filter.statistic.sul.AbstractCounterSULTest" name="testSharedForkCounter" time="0.0"/>
  <testcase classname="de.learnlib.filter.statistic.sul.AbstractCounterSULTest" name="testInitialState" time="0.0"/>
  <testcase classname="de.learnlib.filter.statistic.sul.AbstractCounterSULTest" name="testFirstQueryBatch" time="0.0"/>
  <testcase classname="de.learnlib.filter.statistic.sul.AbstractCounterSULTest" name="testEmptyQueryBatch" time="0.0"/>
  <testcase classname="de.learnlib.filter.statistic.sul.AbstractCounterSULTest" name="testSecondQueryBatch" time="0.001"/>
  <testcase classname="de.learnlib.filter.statistic.sul.AbstractCounterSULTest" name="testSharedForkCounter" time="0.0"/>
  <testcase classname="de.learnlib.filter.statistic.sul.AbstractCounterSULTest" name="testInitialState" time="0.001"/>
  <testcase classname="de.learnlib.filter.statistic.sul.AbstractCounterSULTest" name="testFirstQueryBatch" time="0.0"/>
  <testcase classname="de.learnlib.filter.statistic.sul.AbstractCounterSULTest" name="testEmptyQueryBatch" time="0.001"/>
  <testcase classname="de.learnlib.filter.statistic.sul.AbstractCounterSULTest" name="testSecondQueryBatch" time="0.0"/>
  <testcase classname="de.learnlib.filter.statistic.sul.AbstractCounterSULTest" name="testSharedForkCounter" time="0.0"/>
  <testcase classname="de.learnlib.filter.statistic.sul.AbstractCounterSULTest" name="testInitialState" time="0.0"/>
  <testcase classname="de.learnlib.filter.statistic.sul.AbstractCounterSULTest" name="testFirstQueryBatch" time="0.0"/>
  <testcase classname="de.learnlib.filter.statistic.sul.AbstractCounterSULTest" name="testEmptyQueryBatch" time="0.0"/>
  <testcase classname="de.learnlib.filter.statistic.sul.AbstractCounterSULTest" name="testSecondQueryBatch" time="0.001"/>
  <testcase classname="de.learnlib.filter.statistic.sul.AbstractCounterSULTest" name="testSharedForkCounter" time="0.0"/>
</testsuite> <!-- Surefire test -->
