<?xml version="1.0" encoding="UTF-8"?>
<!-- Generated by org.testng.reporters.JUnitXMLReporter -->
<testsuite ignored="0" hostname="asus" failures="0" tests="9" name="Surefire test" time="1.258" errors="0" timestamp="2025-05-04T15:11:54 CEST">
  <testcase classname="de.learnlib.oracle.membership.SULAdaptiveOracleTest" name="testNoopIdempotency" time="0.931"/>
  <testcase classname="de.learnlib.oracle.membership.SULAdaptiveOracleTest" name="testQueries" time="0.054"/>
  <testcase classname="de.learnlib.oracle.membership.SULOmegaOracleTest" name="testDeepCopyMealySimulatorOmegaOracle" time="0.073"/>
  <testcase classname="de.learnlib.oracle.membership.SULOmegaOracleTest" name="testForkableMealySimulatorOmegaOracle" time="0.001"/>
  <testcase classname="de.learnlib.oracle.membership.SULOmegaOracleTest" name="testOmegaOracleValidation" time="0.071"/>
  <testcase classname="de.learnlib.oracle.membership.SimulatorOmegaOracleTest" name="testDFASimulatorOmegaOracle" time="0.01"/>
  <testcase classname="de.learnlib.oracle.membership.StateLocalInputSULAdaptiveOracleTest" name="testNoopIdempotency" time="0.029"/>
  <testcase classname="de.learnlib.oracle.membership.StateLocalInputSULAdaptiveOracleTest" name="testQueriesAndCleanUp" time="0.007"/>
  <testcase classname="de.learnlib.oracle.membership.SimulatorOracleTest" name="testDFASimulatorOracle" time="0.001"/>
</testsuite> <!-- Surefire test -->
