<?xml version="1.0" encoding="UTF-8"?>
<!-- Generated by org.testng.reporters.JUnitXMLReporter -->
<testsuite ignored="0" hostname="asus" failures="0" tests="9" name="Surefire test" time="0.178" errors="0" timestamp="2025-05-04T15:12:18 CEST">
  <testcase classname="de.learnlib.algorithm.aaar.AbstractAAARTest" name="testAbstractHypothesisEquivalence" time="0.024"/>
  <testcase classname="de.learnlib.algorithm.aaar.generic.GenericAAARLearnerMealyTest" name="testTreeSerialization" time="0.007"/>
  <testcase classname="de.learnlib.algorithm.aaar.AbstractAAARTest" name="testAbstractHypothesisEquivalence" time="0.039"/>
  <testcase classname="de.learnlib.algorithm.aaar.generic.GenericAAARLearnerMooreTest" name="testTreeSerialization" time="0.001"/>
  <testcase classname="de.learnlib.algorithm.aaar.AbstractAAARTest" name="testAbstractHypothesisEquivalence" time="0.007"/>
  <testcase classname="de.learnlib.algorithm.aaar.generic.GenericAAARLearnerDFATest" name="testTreeSerialization" time="0.001"/>
  <testcase classname="de.learnlib.algorithm.aaar.AbstractAAARTest" name="testAbstractHypothesisEquivalence" time="0.049"/>
  <testcase classname="de.learnlib.algorithm.aaar.AbstractAAARTest" name="testAbstractHypothesisEquivalence" time="0.003"/>
  <testcase classname="de.learnlib.algorithm.aaar.AbstractAAARTest" name="testAbstractHypothesisEquivalence" time="0.004"/>
</testsuite> <!-- Surefire test -->
