<?xml version="1.0" encoding="UTF-8"?>
<testng-results ignored="0" total="1" passed="1" failed="0" skipped="0">
  <reporter-output>
  </reporter-output>
  <suite started-at="2025-05-04T15:11:48 CEST" name="Surefire suite" finished-at="2025-05-04T15:11:48 CEST" duration-ms="61">
    <groups>
    </groups>
    <test started-at="2025-05-04T15:11:48 CEST" name="Surefire test" finished-at="2025-05-04T15:11:48 CEST" duration-ms="61">
      <class name="de.learnlib.util.ExperimentTest">
        <test-method signature="testExperiment()[pri:0, instance:de.learnlib.util.ExperimentTest@19d481b]" started-at="2025-05-04T15:11:48 CEST" name="testExperiment" finished-at="2025-05-04T15:11:48 CEST" duration-ms="33" status="PASS">
          <reporter-output>
          </reporter-output>
        </test-method> <!-- testExperiment -->
      </class> <!-- de.learnlib.util.ExperimentTest -->
    </test> <!-- Surefire test -->
  </suite> <!-- Surefire suite -->
</testng-results>
