<?xml version="1.0" encoding="UTF-8"?>
<!-- Generated by org.testng.reporters.JUnitXMLReporter -->
<testsuite ignored="0" hostname="asus" failures="0" tests="5" name="Surefire test" time="1.033" errors="0" timestamp="2025-05-04T15:12:31 CEST">
  <testcase classname="de.learnlib.testsupport.AbstractGrowingAlphabetTest" name="testGrowingAlphabet" time="0.018"/>
  <testcase classname="de.learnlib.testsupport.AbstractGrowingAlphabetTest" name="testInitialAlphabet" time="0.0"/>
  <testcase classname="de.learnlib.algorithm.adt.learner.ADTVisualizationTest" name="testVisualization" time="0.005"/>
  <testcase classname="de.learnlib.testsupport.AbstractResumableLearnerTest" name="testSuspendAndResumeLearner" time="0.953"/>
  <testcase classname="de.learnlib.algorithm.adt.automaton.ADTHypothesisTest" name="testAutomaton" time="0.002"/>
</testsuite> <!-- Surefire test -->
